<?xml version="1.0" encoding="utf-8"?>
<CoverageSession xmlns:xsd="http://www.w3.org/2001/XMLSchema" xmlns:xsi="http://www.w3.org/2001/XMLSchema-instance" Version="0.0.0.0">
  <Summary numSequencePoints="748" visitedSequencePoints="604" numBranchPoints="0" visitedBranchPoints="0" sequenceCoverage="80.75" branchCoverage="0.0" maxCyclomaticComplexity="12" minCyclomaticComplexity="1" maxCrapScore="56" minCrapScore="1" visitedClasses="13" numClasses="13" visitedMethods="57" numMethods="60" />
  <Modules>
    <Module>
      <Summary numSequencePoints="399" visitedSequencePoints="315" numBranchPoints="0" visitedBranchPoints="0" sequenceCoverage="78.95" branchCoverage="0.0" maxCyclomaticComplexity="12" minCyclomaticComplexity="1" maxCrapScore="22.84" minCrapScore="1" visitedClasses="9" numClasses="9" visitedMethods="27" numMethods="27" />
      <ModuleTime>0001-01-01T00:00:00</ModuleTime>
      <ModuleName>CreateCharacter</ModuleName>
      <Files>
        <File uid="1" fullPath="D:/Documents/VicUni/ENGR489/Unity/IsometricGame/Assets/Scripts/CreateCharacter/Attribute.cs" />
        <File uid="2" fullPath="D:/Documents/VicUni/ENGR489/Unity/IsometricGame/Assets/Scripts/CreateCharacter/Body.cs" />
        <File uid="3" fullPath="D:/Documents/VicUni/ENGR489/Unity/IsometricGame/Assets/Scripts/CreateCharacter/Bottoms.cs" />
        <File uid="4" fullPath="D:/Documents/VicUni/ENGR489/Unity/IsometricGame/Assets/Scripts/CreateCharacter/ErrorHandler.cs" />
        <File uid="5" fullPath="D:/Documents/VicUni/ENGR489/Unity/IsometricGame/Assets/Scripts/CreateCharacter/Hair.cs" />
        <File uid="6" fullPath="D:/Documents/VicUni/ENGR489/Unity/IsometricGame/Assets/Scripts/CreateCharacter/Hat.cs" />
        <File uid="7" fullPath="D:/Documents/VicUni/ENGR489/Unity/IsometricGame/Assets/Scripts/CreateCharacter/Shoes.cs" />
        <File uid="8" fullPath="D:/Documents/VicUni/ENGR489/Unity/IsometricGame/Assets/Scripts/CreateCharacter/Top.cs" />
        <File uid="9" fullPath="D:/Documents/VicUni/ENGR489/Unity/IsometricGame/Assets/Scripts/CreateCharacter/TypesInputChecker.cs" />
      </Files>
      <Classes>
        <Class>
          <Summary numSequencePoints="20" visitedSequencePoints="17" numBranchPoints="0" visitedBranchPoints="0" sequenceCoverage="85.00" branchCoverage="0.0" maxCyclomaticComplexity="2" minCyclomaticComplexity="1" maxCrapScore="2.06" minCrapScore="1" visitedClasses="1" numClasses="1" visitedMethods="2" numMethods="2" />
          <FullName>Attribute</FullName>
          <Methods>
            <Method visited="true" cyclomaticComplexity="2" nPathComplexity="0" sequenceCoverage="75.00" branchCoverage="0" crapScore="2.06" isConstructor="false" isStatic="false" isGetter="false" isSetter="false">
              <Summary numSequencePoints="12" visitedSequencePoints="9" numBranchPoints="0" visitedBranchPoints="0" sequenceCoverage="75.00" branchCoverage="0" maxCyclomaticComplexity="2" minCyclomaticComplexity="2" maxCrapScore="2.06" minCrapScore="2.06" visitedClasses="0" numClasses="0" visitedMethods="1" numMethods="1" />
              <MetadataToken>100663309</MetadataToken>
              <Name>System.Void Attribute::createAttribute(System.Boolean)</Name>
              <FileRef uid="1" />
              <SequencePoints>
                <SequencePoint vc="11" uspid="1" ordinal="0" offset="0" sl="28" sc="46" el="28" ec="46" bec="0" bev="0" fileid="1" />
                <SequencePoint vc="11" uspid="2" ordinal="0" offset="1" sl="30" sc="9" el="30" ec="9" bec="0" bev="0" fileid="1" />
                <SequencePoint vc="0" uspid="3" ordinal="0" offset="17" sl="30" sc="25" el="30" ec="25" bec="0" bev="0" fileid="1" />
                <SequencePoint vc="0" uspid="4" ordinal="0" offset="18" sl="31" sc="13" el="31" ec="13" bec="0" bev="0" fileid="1" />
                <SequencePoint vc="0" uspid="5" ordinal="0" offset="35" sl="32" sc="9" el="32" ec="9" bec="0" bev="0" fileid="1" />
                <SequencePoint vc="11" uspid="6" ordinal="0" offset="36" sl="33" sc="9" el="33" ec="9" bec="0" bev="0" fileid="1" />
                <SequencePoint vc="11" uspid="7" ordinal="0" offset="49" sl="34" sc="9" el="34" ec="9" bec="0" bev="0" fileid="1" />
                <SequencePoint vc="11" uspid="8" ordinal="0" offset="73" sl="36" sc="9" el="36" ec="9" bec="0" bev="0" fileid="1" />
                <SequencePoint vc="11" uspid="9" ordinal="0" offset="96" sl="37" sc="9" el="37" ec="9" bec="0" bev="0" fileid="1" />
                <SequencePoint vc="11" uspid="10" ordinal="0" offset="109" sl="38" sc="9" el="38" ec="9" bec="0" bev="0" fileid="1" />
                <SequencePoint vc="11" uspid="11" ordinal="0" offset="127" sl="40" sc="9" el="40" ec="9" bec="0" bev="0" fileid="1" />
                <SequencePoint vc="11" uspid="12" ordinal="0" offset="151" sl="41" sc="5" el="41" ec="5" bec="0" bev="0" fileid="1" />
              </SequencePoints>
              <BranchPoints />
            </Method>
            <Method visited="true" cyclomaticComplexity="1" nPathComplexity="0" sequenceCoverage="100.0" branchCoverage="0" crapScore="1" isConstructor="true" isStatic="false" isGetter="false" isSetter="false">
              <Summary numSequencePoints="8" visitedSequencePoints="8" numBranchPoints="0" visitedBranchPoints="0" sequenceCoverage="100.0" branchCoverage="0" maxCyclomaticComplexity="1" minCyclomaticComplexity="1" maxCrapScore="1" minCrapScore="1" visitedClasses="0" numClasses="0" visitedMethods="1" numMethods="1" />
              <MetadataToken>100663308</MetadataToken>
              <Name>Attribute::Attribute(UnityEngine.Sprite, UnityEngine.RuntimeAnimatorController, Character, UnityEngine.GameObject, System.String)</Name>
              <FileRef uid="1" />
              <SequencePoints>
                <SequencePoint vc="14" uspid="13" ordinal="0" offset="0" sl="19" sc="5" el="19" ec="5" bec="0" bev="0" fileid="1" />
                <SequencePoint vc="14" uspid="14" ordinal="0" offset="7" sl="19" sc="124" el="19" ec="124" bec="0" bev="0" fileid="1" />
                <SequencePoint vc="14" uspid="15" ordinal="0" offset="8" sl="20" sc="9" el="20" ec="9" bec="0" bev="0" fileid="1" />
                <SequencePoint vc="14" uspid="16" ordinal="0" offset="15" sl="21" sc="9" el="21" ec="9" bec="0" bev="0" fileid="1" />
                <SequencePoint vc="14" uspid="17" ordinal="0" offset="22" sl="22" sc="9" el="22" ec="9" bec="0" bev="0" fileid="1" />
                <SequencePoint vc="14" uspid="18" ordinal="0" offset="29" sl="23" sc="9" el="23" ec="9" bec="0" bev="0" fileid="1" />
                <SequencePoint vc="14" uspid="19" ordinal="0" offset="37" sl="24" sc="9" el="24" ec="9" bec="0" bev="0" fileid="1" />
                <SequencePoint vc="14" uspid="20" ordinal="0" offset="45" sl="25" sc="5" el="25" ec="5" bec="0" bev="0" fileid="1" />
              </SequencePoints>
              <BranchPoints />
            </Method>
          </Methods>
        </Class>
        <Class>
          <Summary numSequencePoints="3" visitedSequencePoints="3" numBranchPoints="0" visitedBranchPoints="0" sequenceCoverage="100.0" branchCoverage="0.0" maxCyclomaticComplexity="1" minCyclomaticComplexity="1" maxCrapScore="1" minCrapScore="1" visitedClasses="1" numClasses="1" visitedMethods="1" numMethods="1" />
          <FullName>Body</FullName>
          <Methods>
            <Method visited="true" cyclomaticComplexity="1" nPathComplexity="0" sequenceCoverage="100.0" branchCoverage="0" crapScore="1" isConstructor="true" isStatic="false" isGetter="false" isSetter="false">
              <Summary numSequencePoints="3" visitedSequencePoints="3" numBranchPoints="0" visitedBranchPoints="0" sequenceCoverage="100.0" branchCoverage="0" maxCyclomaticComplexity="1" minCyclomaticComplexity="1" maxCrapScore="1" minCrapScore="1" visitedClasses="0" numClasses="0" visitedMethods="1" numMethods="1" />
              <MetadataToken>100663310</MetadataToken>
              <Name>Body::Body(UnityEngine.Sprite, UnityEngine.RuntimeAnimatorController, Character, UnityEngine.GameObject)</Name>
              <FileRef uid="2" />
              <SequencePoints>
                <SequencePoint vc="1" uspid="21" ordinal="0" offset="0" sl="11" sc="14" el="11" ec="14" bec="0" bev="0" fileid="2" />
                <SequencePoint vc="1" uspid="22" ordinal="0" offset="17" sl="11" sc="61" el="11" ec="61" bec="0" bev="0" fileid="2" />
                <SequencePoint vc="1" uspid="23" ordinal="0" offset="18" sl="11" sc="63" el="11" ec="63" bec="0" bev="0" fileid="2" />
              </SequencePoints>
              <BranchPoints />
            </Method>
          </Methods>
        </Class>
        <Class>
          <Summary numSequencePoints="56" visitedSequencePoints="39" numBranchPoints="0" visitedBranchPoints="0" sequenceCoverage="69.64" branchCoverage="0.0" maxCyclomaticComplexity="8" minCyclomaticComplexity="1" maxCrapScore="13.89" minCrapScore="1" visitedClasses="1" numClasses="1" visitedMethods="4" numMethods="4" />
          <FullName>Bottoms</FullName>
          <Methods>
            <Method visited="true" cyclomaticComplexity="4" nPathComplexity="0" sequenceCoverage="76.92" branchCoverage="0" crapScore="4.20" isConstructor="false" isStatic="false" isGetter="false" isSetter="false">
              <Summary numSequencePoints="13" visitedSequencePoints="10" numBranchPoints="0" visitedBranchPoints="0" sequenceCoverage="76.92" branchCoverage="0" maxCyclomaticComplexity="4" minCyclomaticComplexity="4" maxCrapScore="4.20" minCrapScore="4.20" visitedClasses="0" numClasses="0" visitedMethods="1" numMethods="1" />
              <MetadataToken>100663312</MetadataToken>
              <Name>System.Boolean Bottoms::checkLogicBottoms(System.String, UnityEngine.GameObject, TMPro.TextMeshProUGUI, UnityEngine.AudioSource, UnityEngine.AudioSource)</Name>
              <FileRef uid="3" />
              <SequencePoints>
                <SequencePoint vc="3" uspid="24" ordinal="0" offset="0" sl="26" sc="135" el="26" ec="135" bec="0" bev="0" fileid="3" />
                <SequencePoint vc="3" uspid="25" ordinal="0" offset="1" sl="27" sc="9" el="27" ec="9" bec="0" bev="0" fileid="3" />
                <SequencePoint vc="2" uspid="26" ordinal="0" offset="32" sl="27" sc="48" el="27" ec="48" bec="0" bev="0" fileid="3" />
                <SequencePoint vc="2" uspid="27" ordinal="0" offset="33" sl="28" sc="13" el="28" ec="13" bec="0" bev="0" fileid="3" />
                <SequencePoint vc="2" uspid="28" ordinal="0" offset="52" sl="29" sc="13" el="29" ec="13" bec="0" bev="0" fileid="3" />
                <SequencePoint vc="0" uspid="29" ordinal="0" offset="64" sl="29" sc="31" el="29" ec="31" bec="0" bev="0" fileid="3" />
                <SequencePoint vc="0" uspid="30" ordinal="0" offset="65" sl="29" sc="33" el="29" ec="33" bec="0" bev="0" fileid="3" />
                <SequencePoint vc="0" uspid="31" ordinal="0" offset="73" sl="29" sc="46" el="29" ec="46" bec="0" bev="0" fileid="3" />
                <SequencePoint vc="2" uspid="32" ordinal="0" offset="74" sl="30" sc="13" el="30" ec="13" bec="0" bev="0" fileid="3" />
                <SequencePoint vc="1" uspid="33" ordinal="0" offset="78" sl="32" sc="14" el="32" ec="14" bec="0" bev="0" fileid="3" />
                <SequencePoint vc="1" uspid="34" ordinal="0" offset="79" sl="33" sc="13" el="33" ec="13" bec="0" bev="0" fileid="3" />
                <SequencePoint vc="1" uspid="35" ordinal="0" offset="94" sl="34" sc="13" el="34" ec="13" bec="0" bev="0" fileid="3" />
                <SequencePoint vc="3" uspid="36" ordinal="0" offset="98" sl="36" sc="5" el="36" ec="5" bec="0" bev="0" fileid="3" />
              </SequencePoints>
              <BranchPoints />
            </Method>
            <Method visited="true" cyclomaticComplexity="1" nPathComplexity="0" sequenceCoverage="100.0" branchCoverage="0" crapScore="1" isConstructor="false" isStatic="false" isGetter="false" isSetter="false">
              <Summary numSequencePoints="7" visitedSequencePoints="7" numBranchPoints="0" visitedBranchPoints="0" sequenceCoverage="100.0" branchCoverage="0" maxCyclomaticComplexity="1" minCyclomaticComplexity="1" maxCrapScore="1" minCrapScore="1" visitedClasses="0" numClasses="0" visitedMethods="1" numMethods="1" />
              <MetadataToken>100663313</MetadataToken>
              <Name>System.Void Bottoms::setSprites(UnityEngine.Sprite, UnityEngine.Sprite, UnityEngine.Sprite, UnityEngine.Sprite, UnityEngine.RuntimeAnimatorController[])</Name>
              <FileRef uid="3" />
              <SequencePoints>
                <SequencePoint vc="1" uspid="37" ordinal="0" offset="0" sl="39" sc="137" el="39" ec="137" bec="0" bev="0" fileid="3" />
                <SequencePoint vc="1" uspid="38" ordinal="0" offset="1" sl="40" sc="9" el="40" ec="9" bec="0" bev="0" fileid="3" />
                <SequencePoint vc="1" uspid="39" ordinal="0" offset="8" sl="41" sc="9" el="41" ec="9" bec="0" bev="0" fileid="3" />
                <SequencePoint vc="1" uspid="40" ordinal="0" offset="15" sl="42" sc="9" el="42" ec="9" bec="0" bev="0" fileid="3" />
                <SequencePoint vc="1" uspid="41" ordinal="0" offset="22" sl="43" sc="9" el="43" ec="9" bec="0" bev="0" fileid="3" />
                <SequencePoint vc="1" uspid="42" ordinal="0" offset="30" sl="44" sc="9" el="44" ec="9" bec="0" bev="0" fileid="3" />
                <SequencePoint vc="1" uspid="43" ordinal="0" offset="38" sl="45" sc="5" el="45" ec="5" bec="0" bev="0" fileid="3" />
              </SequencePoints>
              <BranchPoints />
            </Method>
            <Method visited="true" cyclomaticComplexity="8" nPathComplexity="0" sequenceCoverage="54.84" branchCoverage="0" crapScore="13.89" isConstructor="false" isStatic="false" isGetter="false" isSetter="false">
              <Summary numSequencePoints="31" visitedSequencePoints="17" numBranchPoints="0" visitedBranchPoints="0" sequenceCoverage="54.84" branchCoverage="0" maxCyclomaticComplexity="8" minCyclomaticComplexity="8" maxCrapScore="13.89" minCrapScore="13.89" visitedClasses="0" numClasses="0" visitedMethods="1" numMethods="1" />
              <MetadataToken>100663314</MetadataToken>
              <Name>System.Void Bottoms::addBottomsToCharacter(System.Char, System.String)</Name>
              <FileRef uid="3" />
              <SequencePoints>
                <SequencePoint vc="2" uspid="44" ordinal="0" offset="0" sl="48" sc="65" el="48" ec="65" bec="0" bev="0" fileid="3" />
                <SequencePoint vc="2" uspid="45" ordinal="0" offset="1" sl="49" sc="9" el="49" ec="9" bec="0" bev="0" fileid="3" />
                <SequencePoint vc="2" uspid="46" ordinal="0" offset="3" sl="50" sc="9" el="50" ec="9" bec="0" bev="0" fileid="3" />
                <SequencePoint vc="1" uspid="47" ordinal="0" offset="12" sl="50" sc="28" el="50" ec="28" bec="0" bev="0" fileid="3" />
                <SequencePoint vc="1" uspid="48" ordinal="0" offset="13" sl="51" sc="13" el="51" ec="13" bec="0" bev="0" fileid="3" />
                <SequencePoint vc="1" uspid="49" ordinal="0" offset="28" sl="51" sc="34" el="51" ec="34" bec="0" bev="0" fileid="3" />
                <SequencePoint vc="1" uspid="50" ordinal="0" offset="29" sl="52" sc="17" el="52" ec="17" bec="0" bev="0" fileid="3" />
                <SequencePoint vc="1" uspid="51" ordinal="0" offset="66" sl="53" sc="13" el="53" ec="13" bec="0" bev="0" fileid="3" />
                <SequencePoint vc="0" uspid="52" ordinal="0" offset="69" sl="54" sc="18" el="54" ec="18" bec="0" bev="0" fileid="3" />
                <SequencePoint vc="0" uspid="53" ordinal="0" offset="84" sl="54" sc="38" el="54" ec="38" bec="0" bev="0" fileid="3" />
                <SequencePoint vc="0" uspid="54" ordinal="0" offset="85" sl="55" sc="17" el="55" ec="17" bec="0" bev="0" fileid="3" />
                <SequencePoint vc="0" uspid="55" ordinal="0" offset="122" sl="56" sc="13" el="56" ec="13" bec="0" bev="0" fileid="3" />
                <SequencePoint vc="1" uspid="56" ordinal="0" offset="123" sl="57" sc="9" el="57" ec="9" bec="0" bev="0" fileid="3" />
                <SequencePoint vc="1" uspid="57" ordinal="0" offset="129" sl="58" sc="14" el="58" ec="14" bec="0" bev="0" fileid="3" />
                <SequencePoint vc="0" uspid="58" ordinal="0" offset="140" sl="58" sc="33" el="58" ec="33" bec="0" bev="0" fileid="3" />
                <SequencePoint vc="0" uspid="59" ordinal="0" offset="141" sl="59" sc="13" el="59" ec="13" bec="0" bev="0" fileid="3" />
                <SequencePoint vc="0" uspid="60" ordinal="0" offset="158" sl="59" sc="34" el="59" ec="34" bec="0" bev="0" fileid="3" />
                <SequencePoint vc="0" uspid="61" ordinal="0" offset="159" sl="60" sc="17" el="60" ec="17" bec="0" bev="0" fileid="3" />
                <SequencePoint vc="0" uspid="62" ordinal="0" offset="196" sl="61" sc="13" el="61" ec="13" bec="0" bev="0" fileid="3" />
                <SequencePoint vc="0" uspid="63" ordinal="0" offset="199" sl="62" sc="18" el="62" ec="18" bec="0" bev="0" fileid="3" />
                <SequencePoint vc="0" uspid="64" ordinal="0" offset="216" sl="62" sc="38" el="62" ec="38" bec="0" bev="0" fileid="3" />
                <SequencePoint vc="0" uspid="65" ordinal="0" offset="217" sl="63" sc="17" el="63" ec="17" bec="0" bev="0" fileid="3" />
                <SequencePoint vc="0" uspid="66" ordinal="0" offset="254" sl="64" sc="13" el="64" ec="13" bec="0" bev="0" fileid="3" />
                <SequencePoint vc="0" uspid="67" ordinal="0" offset="255" sl="65" sc="9" el="65" ec="9" bec="0" bev="0" fileid="3" />
                <SequencePoint vc="1" uspid="68" ordinal="0" offset="258" sl="66" sc="14" el="66" ec="14" bec="0" bev="0" fileid="3" />
                <SequencePoint vc="1" uspid="69" ordinal="0" offset="259" sl="68" sc="13" el="68" ec="13" bec="0" bev="0" fileid="3" />
                <SequencePoint vc="1" uspid="70" ordinal="0" offset="261" sl="71" sc="9" el="71" ec="9" bec="0" bev="0" fileid="3" />
                <SequencePoint vc="1" uspid="71" ordinal="0" offset="271" sl="71" sc="26" el="71" ec="26" bec="0" bev="0" fileid="3" />
                <SequencePoint vc="1" uspid="72" ordinal="0" offset="272" sl="71" sc="28" el="71" ec="28" bec="0" bev="0" fileid="3" />
                <SequencePoint vc="1" uspid="73" ordinal="0" offset="280" sl="71" sc="56" el="71" ec="56" bec="0" bev="0" fileid="3" />
                <SequencePoint vc="2" uspid="74" ordinal="0" offset="281" sl="72" sc="5" el="72" ec="5" bec="0" bev="0" fileid="3" />
              </SequencePoints>
              <BranchPoints />
            </Method>
            <Method visited="true" cyclomaticComplexity="1" nPathComplexity="0" sequenceCoverage="100.0" branchCoverage="0" crapScore="1" isConstructor="true" isStatic="false" isGetter="false" isSetter="false">
              <Summary numSequencePoints="5" visitedSequencePoints="5" numBranchPoints="0" visitedBranchPoints="0" sequenceCoverage="100.0" branchCoverage="0" maxCyclomaticComplexity="1" minCyclomaticComplexity="1" maxCrapScore="1" minCrapScore="1" visitedClasses="0" numClasses="0" visitedMethods="1" numMethods="1" />
              <MetadataToken>100663311</MetadataToken>
              <Name>Bottoms::Bottoms(UnityEngine.Sprite, UnityEngine.RuntimeAnimatorController, Character, UnityEngine.GameObject)</Name>
              <FileRef uid="3" />
              <SequencePoints>
                <SequencePoint vc="3" uspid="75" ordinal="0" offset="0" sl="20" sc="14" el="20" ec="14" bec="0" bev="0" fileid="3" />
                <SequencePoint vc="3" uspid="76" ordinal="0" offset="17" sl="20" sc="65" el="20" ec="65" bec="0" bev="0" fileid="3" />
                <SequencePoint vc="3" uspid="77" ordinal="0" offset="18" sl="21" sc="17" el="21" ec="17" bec="0" bev="0" fileid="3" />
                <SequencePoint vc="3" uspid="78" ordinal="0" offset="25" sl="22" sc="17" el="22" ec="17" bec="0" bev="0" fileid="3" />
                <SequencePoint vc="3" uspid="79" ordinal="0" offset="33" sl="23" sc="13" el="23" ec="13" bec="0" bev="0" fileid="3" />
              </SequencePoints>
              <BranchPoints />
            </Method>
          </Methods>
        </Class>
        <Class>
          <Summary numSequencePoints="16" visitedSequencePoints="13" numBranchPoints="0" visitedBranchPoints="0" sequenceCoverage="81.25" branchCoverage="0.0" maxCyclomaticComplexity="2" minCyclomaticComplexity="1" maxCrapScore="2.21" minCrapScore="1" visitedClasses="1" numClasses="1" visitedMethods="2" numMethods="2" />
          <FullName>ErrorHandler</FullName>
          <Methods>
            <Method visited="true" cyclomaticComplexity="2" nPathComplexity="0" sequenceCoverage="62.50" branchCoverage="0" crapScore="2.21" isConstructor="false" isStatic="false" isGetter="false" isSetter="false">
              <Summary numSequencePoints="8" visitedSequencePoints="5" numBranchPoints="0" visitedBranchPoints="0" sequenceCoverage="62.50" branchCoverage="0" maxCyclomaticComplexity="2" minCyclomaticComplexity="2" maxCrapScore="2.21" minCrapScore="2.21" visitedClasses="0" numClasses="0" visitedMethods="1" numMethods="1" />
              <MetadataToken>100663324</MetadataToken>
              <Name>System.Void ErrorHandler::handleError()</Name>
              <FileRef uid="4" />
              <SequencePoints>
                <SequencePoint vc="36" uspid="80" ordinal="0" offset="0" sl="27" sc="31" el="27" ec="31" bec="0" bev="0" fileid="4" />
                <SequencePoint vc="36" uspid="81" ordinal="0" offset="1" sl="28" sc="9" el="28" ec="9" bec="0" bev="0" fileid="4" />
                <SequencePoint vc="0" uspid="82" ordinal="0" offset="17" sl="28" sc="27" el="28" ec="27" bec="0" bev="0" fileid="4" />
                <SequencePoint vc="0" uspid="83" ordinal="0" offset="18" sl="28" sc="29" el="28" ec="29" bec="0" bev="0" fileid="4" />
                <SequencePoint vc="0" uspid="84" ordinal="0" offset="30" sl="28" sc="42" el="28" ec="42" bec="0" bev="0" fileid="4" />
                <SequencePoint vc="36" uspid="85" ordinal="0" offset="31" sl="29" sc="9" el="29" ec="9" bec="0" bev="0" fileid="4" />
                <SequencePoint vc="36" uspid="86" ordinal="0" offset="49" sl="30" sc="9" el="30" ec="9" bec="0" bev="0" fileid="4" />
                <SequencePoint vc="36" uspid="87" ordinal="0" offset="62" sl="31" sc="5" el="31" ec="5" bec="0" bev="0" fileid="4" />
              </SequencePoints>
              <BranchPoints />
            </Method>
            <Method visited="true" cyclomaticComplexity="1" nPathComplexity="0" sequenceCoverage="100.0" branchCoverage="0" crapScore="1" isConstructor="true" isStatic="false" isGetter="false" isSetter="false">
              <Summary numSequencePoints="8" visitedSequencePoints="8" numBranchPoints="0" visitedBranchPoints="0" sequenceCoverage="100.0" branchCoverage="0" maxCyclomaticComplexity="1" minCyclomaticComplexity="1" maxCrapScore="1" minCrapScore="1" visitedClasses="0" numClasses="0" visitedMethods="1" numMethods="1" />
              <MetadataToken>100663323</MetadataToken>
              <Name>ErrorHandler::ErrorHandler(UnityEngine.AudioSource, System.String, UnityEngine.GameObject, TMPro.TextMeshProUGUI)</Name>
              <FileRef uid="4" />
              <SequencePoints>
                <SequencePoint vc="36" uspid="88" ordinal="0" offset="0" sl="18" sc="5" el="18" ec="5" bec="0" bev="0" fileid="4" />
                <SequencePoint vc="36" uspid="89" ordinal="0" offset="7" sl="18" sc="107" el="18" ec="107" bec="0" bev="0" fileid="4" />
                <SequencePoint vc="36" uspid="90" ordinal="0" offset="8" sl="19" sc="9" el="19" ec="9" bec="0" bev="0" fileid="4" />
                <SequencePoint vc="36" uspid="91" ordinal="0" offset="15" sl="20" sc="9" el="20" ec="9" bec="0" bev="0" fileid="4" />
                <SequencePoint vc="36" uspid="92" ordinal="0" offset="22" sl="21" sc="9" el="21" ec="9" bec="0" bev="0" fileid="4" />
                <SequencePoint vc="36" uspid="93" ordinal="0" offset="29" sl="22" sc="9" el="22" ec="9" bec="0" bev="0" fileid="4" />
                <SequencePoint vc="36" uspid="94" ordinal="0" offset="37" sl="23" sc="9" el="23" ec="9" bec="0" bev="0" fileid="4" />
                <SequencePoint vc="36" uspid="95" ordinal="0" offset="44" sl="24" sc="5" el="24" ec="5" bec="0" bev="0" fileid="4" />
              </SequencePoints>
              <BranchPoints />
            </Method>
          </Methods>
        </Class>
        <Class>
          <Summary numSequencePoints="72" visitedSequencePoints="49" numBranchPoints="0" visitedBranchPoints="0" sequenceCoverage="68.06" branchCoverage="0.0" maxCyclomaticComplexity="12" minCyclomaticComplexity="1" maxCrapScore="22.84" minCrapScore="1" visitedClasses="1" numClasses="1" visitedMethods="3" numMethods="3" />
          <FullName>Hair</FullName>
          <Methods>
            <Method visited="true" cyclomaticComplexity="9" nPathComplexity="0" sequenceCoverage="80.00" branchCoverage="0" crapScore="9.65" isConstructor="false" isStatic="false" isGetter="false" isSetter="false">
              <Summary numSequencePoints="20" visitedSequencePoints="16" numBranchPoints="0" visitedBranchPoints="0" sequenceCoverage="80.00" branchCoverage="0" maxCyclomaticComplexity="9" minCyclomaticComplexity="9" maxCrapScore="9.65" minCrapScore="9.65" visitedClasses="0" numClasses="0" visitedMethods="1" numMethods="1" />
              <MetadataToken>100663326</MetadataToken>
              <Name>System.Boolean Hair::checkLogicHair(System.String, UnityEngine.GameObject, TMPro.TextMeshProUGUI, UnityEngine.AudioSource, UnityEngine.AudioSource)</Name>
              <FileRef uid="5" />
              <SequencePoints>
                <SequencePoint vc="6" uspid="96" ordinal="0" offset="0" sl="29" sc="132" el="29" ec="132" bec="0" bev="0" fileid="5" />
                <SequencePoint vc="6" uspid="97" ordinal="0" offset="1" sl="30" sc="9" el="30" ec="9" bec="0" bev="0" fileid="5" />
                <SequencePoint vc="6" uspid="98" ordinal="0" offset="17" sl="30" sc="30" el="30" ec="30" bec="0" bev="0" fileid="5" />
                <SequencePoint vc="6" uspid="99" ordinal="0" offset="18" sl="31" sc="13" el="31" ec="13" bec="0" bev="0" fileid="5" />
                <SequencePoint vc="1" uspid="100" ordinal="0" offset="57" sl="31" sc="65" el="31" ec="65" bec="0" bev="0" fileid="5" />
                <SequencePoint vc="1" uspid="101" ordinal="0" offset="58" sl="32" sc="17" el="32" ec="17" bec="0" bev="0" fileid="5" />
                <SequencePoint vc="1" uspid="102" ordinal="0" offset="73" sl="33" sc="17" el="33" ec="17" bec="0" bev="0" fileid="5" />
                <SequencePoint vc="5" uspid="103" ordinal="0" offset="80" sl="36" sc="18" el="36" ec="18" bec="0" bev="0" fileid="5" />
                <SequencePoint vc="4" uspid="104" ordinal="0" offset="139" sl="37" sc="52" el="37" ec="52" bec="0" bev="0" fileid="5" />
                <SequencePoint vc="4" uspid="105" ordinal="0" offset="140" sl="39" sc="17" el="39" ec="17" bec="0" bev="0" fileid="5" />
                <SequencePoint vc="4" uspid="106" ordinal="0" offset="171" sl="40" sc="17" el="40" ec="17" bec="0" bev="0" fileid="5" />
                <SequencePoint vc="0" uspid="107" ordinal="0" offset="185" sl="40" sc="35" el="40" ec="35" bec="0" bev="0" fileid="5" />
                <SequencePoint vc="0" uspid="108" ordinal="0" offset="186" sl="40" sc="37" el="40" ec="37" bec="0" bev="0" fileid="5" />
                <SequencePoint vc="0" uspid="109" ordinal="0" offset="194" sl="40" sc="50" el="40" ec="50" bec="0" bev="0" fileid="5" />
                <SequencePoint vc="4" uspid="110" ordinal="0" offset="195" sl="41" sc="17" el="41" ec="17" bec="0" bev="0" fileid="5" />
                <SequencePoint vc="1" uspid="111" ordinal="0" offset="199" sl="43" sc="18" el="43" ec="18" bec="0" bev="0" fileid="5" />
                <SequencePoint vc="1" uspid="112" ordinal="0" offset="200" sl="44" sc="17" el="44" ec="17" bec="0" bev="0" fileid="5" />
                <SequencePoint vc="1" uspid="113" ordinal="0" offset="216" sl="45" sc="17" el="45" ec="17" bec="0" bev="0" fileid="5" />
                <SequencePoint vc="0" uspid="114" ordinal="0" offset="220" sl="48" sc="9" el="48" ec="9" bec="0" bev="0" fileid="5" />
                <SequencePoint vc="6" uspid="115" ordinal="0" offset="224" sl="49" sc="5" el="49" ec="5" bec="0" bev="0" fileid="5" />
              </SequencePoints>
              <BranchPoints />
            </Method>
            <Method visited="true" cyclomaticComplexity="12" nPathComplexity="0" sequenceCoverage="57.78" branchCoverage="0" crapScore="22.84" isConstructor="false" isStatic="false" isGetter="false" isSetter="false">
              <Summary numSequencePoints="45" visitedSequencePoints="26" numBranchPoints="0" visitedBranchPoints="0" sequenceCoverage="57.78" branchCoverage="0" maxCyclomaticComplexity="12" minCyclomaticComplexity="12" maxCrapScore="22.84" minCrapScore="22.84" visitedClasses="0" numClasses="0" visitedMethods="1" numMethods="1" />
              <MetadataToken>100663327</MetadataToken>
              <Name>System.Void Hair::addHairToCharacter(System.Char, System.String, UnityEngine.Sprite[], UnityEngine.RuntimeAnimatorController[])</Name>
              <FileRef uid="5" />
              <SequencePoints>
                <SequencePoint vc="4" uspid="116" ordinal="0" offset="0" sl="52" sc="121" el="52" ec="121" bec="0" bev="0" fileid="5" />
                <SequencePoint vc="4" uspid="117" ordinal="0" offset="1" sl="53" sc="9" el="53" ec="9" bec="0" bev="0" fileid="5" />
                <SequencePoint vc="4" uspid="118" ordinal="0" offset="3" sl="54" sc="9" el="54" ec="9" bec="0" bev="0" fileid="5" />
                <SequencePoint vc="1" uspid="119" ordinal="0" offset="15" sl="54" sc="28" el="54" ec="28" bec="0" bev="0" fileid="5" />
                <SequencePoint vc="1" uspid="120" ordinal="0" offset="16" sl="55" sc="13" el="55" ec="13" bec="0" bev="0" fileid="5" />
                <SequencePoint vc="0" uspid="121" ordinal="0" offset="31" sl="55" sc="43" el="55" ec="43" bec="0" bev="0" fileid="5" />
                <SequencePoint vc="0" uspid="122" ordinal="0" offset="32" sl="56" sc="17" el="56" ec="17" bec="0" bev="0" fileid="5" />
                <SequencePoint vc="0" uspid="123" ordinal="0" offset="62" sl="57" sc="13" el="57" ec="13" bec="0" bev="0" fileid="5" />
                <SequencePoint vc="1" uspid="124" ordinal="0" offset="68" sl="58" sc="18" el="58" ec="18" bec="0" bev="0" fileid="5" />
                <SequencePoint vc="1" uspid="125" ordinal="0" offset="83" sl="58" sc="44" el="58" ec="44" bec="0" bev="0" fileid="5" />
                <SequencePoint vc="1" uspid="126" ordinal="0" offset="84" sl="59" sc="17" el="59" ec="17" bec="0" bev="0" fileid="5" />
                <SequencePoint vc="1" uspid="127" ordinal="0" offset="114" sl="60" sc="13" el="60" ec="13" bec="0" bev="0" fileid="5" />
                <SequencePoint vc="0" uspid="128" ordinal="0" offset="117" sl="61" sc="18" el="61" ec="18" bec="0" bev="0" fileid="5" />
                <SequencePoint vc="0" uspid="129" ordinal="0" offset="134" sl="61" sc="49" el="61" ec="49" bec="0" bev="0" fileid="5" />
                <SequencePoint vc="0" uspid="130" ordinal="0" offset="135" sl="62" sc="17" el="62" ec="17" bec="0" bev="0" fileid="5" />
                <SequencePoint vc="0" uspid="131" ordinal="0" offset="165" sl="63" sc="13" el="63" ec="13" bec="0" bev="0" fileid="5" />
                <SequencePoint vc="0" uspid="132" ordinal="0" offset="168" sl="64" sc="18" el="64" ec="18" bec="0" bev="0" fileid="5" />
                <SequencePoint vc="0" uspid="133" ordinal="0" offset="185" sl="64" sc="50" el="64" ec="50" bec="0" bev="0" fileid="5" />
                <SequencePoint vc="0" uspid="134" ordinal="0" offset="186" sl="65" sc="17" el="65" ec="17" bec="0" bev="0" fileid="5" />
                <SequencePoint vc="0" uspid="135" ordinal="0" offset="216" sl="66" sc="13" el="66" ec="13" bec="0" bev="0" fileid="5" />
                <SequencePoint vc="1" uspid="136" ordinal="0" offset="217" sl="67" sc="9" el="67" ec="9" bec="0" bev="0" fileid="5" />
                <SequencePoint vc="3" uspid="137" ordinal="0" offset="223" sl="68" sc="14" el="68" ec="14" bec="0" bev="0" fileid="5" />
                <SequencePoint vc="2" uspid="138" ordinal="0" offset="237" sl="68" sc="33" el="68" ec="33" bec="0" bev="0" fileid="5" />
                <SequencePoint vc="2" uspid="139" ordinal="0" offset="238" sl="69" sc="13" el="69" ec="13" bec="0" bev="0" fileid="5" />
                <SequencePoint vc="1" uspid="140" ordinal="0" offset="255" sl="69" sc="44" el="69" ec="44" bec="0" bev="0" fileid="5" />
                <SequencePoint vc="1" uspid="141" ordinal="0" offset="256" sl="70" sc="17" el="70" ec="17" bec="0" bev="0" fileid="5" />
                <SequencePoint vc="1" uspid="142" ordinal="0" offset="286" sl="71" sc="13" el="71" ec="13" bec="0" bev="0" fileid="5" />
                <SequencePoint vc="1" uspid="143" ordinal="0" offset="292" sl="72" sc="18" el="72" ec="18" bec="0" bev="0" fileid="5" />
                <SequencePoint vc="1" uspid="144" ordinal="0" offset="309" sl="72" sc="50" el="72" ec="50" bec="0" bev="0" fileid="5" />
                <SequencePoint vc="1" uspid="145" ordinal="0" offset="310" sl="73" sc="17" el="73" ec="17" bec="0" bev="0" fileid="5" />
                <SequencePoint vc="1" uspid="146" ordinal="0" offset="340" sl="74" sc="13" el="74" ec="13" bec="0" bev="0" fileid="5" />
                <SequencePoint vc="0" uspid="147" ordinal="0" offset="343" sl="75" sc="18" el="75" ec="18" bec="0" bev="0" fileid="5" />
                <SequencePoint vc="0" uspid="148" ordinal="0" offset="360" sl="75" sc="44" el="75" ec="44" bec="0" bev="0" fileid="5" />
                <SequencePoint vc="0" uspid="149" ordinal="0" offset="361" sl="76" sc="17" el="76" ec="17" bec="0" bev="0" fileid="5" />
                <SequencePoint vc="0" uspid="150" ordinal="0" offset="391" sl="77" sc="13" el="77" ec="13" bec="0" bev="0" fileid="5" />
                <SequencePoint vc="0" uspid="151" ordinal="0" offset="394" sl="78" sc="18" el="78" ec="18" bec="0" bev="0" fileid="5" />
                <SequencePoint vc="0" uspid="152" ordinal="0" offset="411" sl="78" sc="48" el="78" ec="48" bec="0" bev="0" fileid="5" />
                <SequencePoint vc="0" uspid="153" ordinal="0" offset="412" sl="79" sc="17" el="79" ec="17" bec="0" bev="0" fileid="5" />
                <SequencePoint vc="0" uspid="154" ordinal="0" offset="442" sl="80" sc="13" el="80" ec="13" bec="0" bev="0" fileid="5" />
                <SequencePoint vc="2" uspid="155" ordinal="0" offset="443" sl="81" sc="9" el="81" ec="9" bec="0" bev="0" fileid="5" />
                <SequencePoint vc="4" uspid="156" ordinal="0" offset="444" sl="82" sc="9" el="82" ec="9" bec="0" bev="0" fileid="5" />
                <SequencePoint vc="3" uspid="157" ordinal="0" offset="454" sl="82" sc="26" el="82" ec="26" bec="0" bev="0" fileid="5" />
                <SequencePoint vc="3" uspid="158" ordinal="0" offset="455" sl="82" sc="28" el="82" ec="28" bec="0" bev="0" fileid="5" />
                <SequencePoint vc="3" uspid="159" ordinal="0" offset="463" sl="82" sc="56" el="82" ec="56" bec="0" bev="0" fileid="5" />
                <SequencePoint vc="4" uspid="160" ordinal="0" offset="464" sl="83" sc="5" el="83" ec="5" bec="0" bev="0" fileid="5" />
              </SequencePoints>
              <BranchPoints />
            </Method>
            <Method visited="true" cyclomaticComplexity="1" nPathComplexity="0" sequenceCoverage="100.0" branchCoverage="0" crapScore="1" isConstructor="true" isStatic="false" isGetter="false" isSetter="false">
              <Summary numSequencePoints="7" visitedSequencePoints="7" numBranchPoints="0" visitedBranchPoints="0" sequenceCoverage="100.0" branchCoverage="0" maxCyclomaticComplexity="1" minCyclomaticComplexity="1" maxCrapScore="1" minCrapScore="1" visitedClasses="0" numClasses="0" visitedMethods="1" numMethods="1" />
              <MetadataToken>100663325</MetadataToken>
              <Name>Hair::Hair(UnityEngine.Sprite[], UnityEngine.RuntimeAnimatorController[], Character, UnityEngine.GameObject)</Name>
              <FileRef uid="5" />
              <SequencePoints>
                <SequencePoint vc="6" uspid="161" ordinal="0" offset="0" sl="21" sc="5" el="21" ec="5" bec="0" bev="0" fileid="5" />
                <SequencePoint vc="6" uspid="162" ordinal="0" offset="7" sl="21" sc="114" el="21" ec="114" bec="0" bev="0" fileid="5" />
                <SequencePoint vc="6" uspid="163" ordinal="0" offset="8" sl="22" sc="9" el="22" ec="9" bec="0" bev="0" fileid="5" />
                <SequencePoint vc="6" uspid="164" ordinal="0" offset="15" sl="23" sc="9" el="23" ec="9" bec="0" bev="0" fileid="5" />
                <SequencePoint vc="6" uspid="165" ordinal="0" offset="22" sl="24" sc="9" el="24" ec="9" bec="0" bev="0" fileid="5" />
                <SequencePoint vc="6" uspid="166" ordinal="0" offset="29" sl="25" sc="9" el="25" ec="9" bec="0" bev="0" fileid="5" />
                <SequencePoint vc="6" uspid="167" ordinal="0" offset="37" sl="26" sc="5" el="26" ec="5" bec="0" bev="0" fileid="5" />
              </SequencePoints>
              <BranchPoints />
            </Method>
          </Methods>
        </Class>
        <Class>
          <Summary numSequencePoints="53" visitedSequencePoints="42" numBranchPoints="0" visitedBranchPoints="0" sequenceCoverage="79.25" branchCoverage="0.0" maxCyclomaticComplexity="8" minCyclomaticComplexity="1" maxCrapScore="9.34" minCrapScore="1" visitedClasses="1" numClasses="1" visitedMethods="3" numMethods="3" />
          <FullName>Hat</FullName>
          <Methods>
            <Method visited="true" cyclomaticComplexity="6" nPathComplexity="0" sequenceCoverage="82.35" branchCoverage="0" crapScore="6.20" isConstructor="false" isStatic="false" isGetter="false" isSetter="false">
              <Summary numSequencePoints="17" visitedSequencePoints="14" numBranchPoints="0" visitedBranchPoints="0" sequenceCoverage="82.35" branchCoverage="0" maxCyclomaticComplexity="6" minCyclomaticComplexity="6" maxCrapScore="6.20" minCrapScore="6.20" visitedClasses="0" numClasses="0" visitedMethods="1" numMethods="1" />
              <MetadataToken>100663329</MetadataToken>
              <Name>System.Boolean Hat::checkLogicHat(System.String, UnityEngine.GameObject, TMPro.TextMeshProUGUI, UnityEngine.AudioSource, UnityEngine.AudioSource)</Name>
              <FileRef uid="6" />
              <SequencePoints>
                <SequencePoint vc="5" uspid="168" ordinal="0" offset="0" sl="27" sc="131" el="27" ec="131" bec="0" bev="0" fileid="6" />
                <SequencePoint vc="5" uspid="169" ordinal="0" offset="1" sl="28" sc="9" el="28" ec="9" bec="0" bev="0" fileid="6" />
                <SequencePoint vc="1" uspid="170" ordinal="0" offset="40" sl="28" sc="61" el="28" ec="61" bec="0" bev="0" fileid="6" />
                <SequencePoint vc="1" uspid="171" ordinal="0" offset="41" sl="29" sc="13" el="29" ec="13" bec="0" bev="0" fileid="6" />
                <SequencePoint vc="1" uspid="172" ordinal="0" offset="56" sl="30" sc="13" el="30" ec="13" bec="0" bev="0" fileid="6" />
                <SequencePoint vc="4" uspid="173" ordinal="0" offset="60" sl="32" sc="14" el="32" ec="14" bec="0" bev="0" fileid="6" />
                <SequencePoint vc="3" uspid="174" ordinal="0" offset="91" sl="32" sc="62" el="32" ec="62" bec="0" bev="0" fileid="6" />
                <SequencePoint vc="3" uspid="175" ordinal="0" offset="92" sl="33" sc="13" el="33" ec="13" bec="0" bev="0" fileid="6" />
                <SequencePoint vc="3" uspid="176" ordinal="0" offset="111" sl="34" sc="13" el="34" ec="13" bec="0" bev="0" fileid="6" />
                <SequencePoint vc="0" uspid="177" ordinal="0" offset="125" sl="34" sc="31" el="34" ec="31" bec="0" bev="0" fileid="6" />
                <SequencePoint vc="0" uspid="178" ordinal="0" offset="126" sl="34" sc="33" el="34" ec="33" bec="0" bev="0" fileid="6" />
                <SequencePoint vc="0" uspid="179" ordinal="0" offset="134" sl="34" sc="46" el="34" ec="46" bec="0" bev="0" fileid="6" />
                <SequencePoint vc="3" uspid="180" ordinal="0" offset="135" sl="35" sc="13" el="35" ec="13" bec="0" bev="0" fileid="6" />
                <SequencePoint vc="1" uspid="181" ordinal="0" offset="139" sl="37" sc="14" el="37" ec="14" bec="0" bev="0" fileid="6" />
                <SequencePoint vc="1" uspid="182" ordinal="0" offset="140" sl="38" sc="13" el="38" ec="13" bec="0" bev="0" fileid="6" />
                <SequencePoint vc="1" uspid="183" ordinal="0" offset="156" sl="39" sc="13" el="39" ec="13" bec="0" bev="0" fileid="6" />
                <SequencePoint vc="5" uspid="184" ordinal="0" offset="160" sl="41" sc="5" el="41" ec="5" bec="0" bev="0" fileid="6" />
              </SequencePoints>
              <BranchPoints />
            </Method>
            <Method visited="true" cyclomaticComplexity="8" nPathComplexity="0" sequenceCoverage="72.41" branchCoverage="0" crapScore="9.34" isConstructor="false" isStatic="false" isGetter="false" isSetter="false">
              <Summary numSequencePoints="29" visitedSequencePoints="21" numBranchPoints="0" visitedBranchPoints="0" sequenceCoverage="72.41" branchCoverage="0" maxCyclomaticComplexity="8" minCyclomaticComplexity="8" maxCrapScore="9.34" minCrapScore="9.34" visitedClasses="0" numClasses="0" visitedMethods="1" numMethods="1" />
              <MetadataToken>100663330</MetadataToken>
              <Name>System.Void Hat::addHatToCharacter(System.Char, System.String)</Name>
              <FileRef uid="6" />
              <SequencePoints>
                <SequencePoint vc="3" uspid="185" ordinal="0" offset="0" sl="44" sc="61" el="44" ec="61" bec="0" bev="0" fileid="6" />
                <SequencePoint vc="3" uspid="186" ordinal="0" offset="1" sl="45" sc="9" el="45" ec="9" bec="0" bev="0" fileid="6" />
                <SequencePoint vc="3" uspid="187" ordinal="0" offset="3" sl="46" sc="9" el="46" ec="9" bec="0" bev="0" fileid="6" />
                <SequencePoint vc="1" uspid="188" ordinal="0" offset="12" sl="46" sc="28" el="46" ec="28" bec="0" bev="0" fileid="6" />
                <SequencePoint vc="1" uspid="189" ordinal="0" offset="13" sl="47" sc="13" el="47" ec="13" bec="0" bev="0" fileid="6" />
                <SequencePoint vc="1" uspid="190" ordinal="0" offset="28" sl="47" sc="36" el="47" ec="36" bec="0" bev="0" fileid="6" />
                <SequencePoint vc="1" uspid="191" ordinal="0" offset="29" sl="48" sc="17" el="48" ec="17" bec="0" bev="0" fileid="6" />
                <SequencePoint vc="1" uspid="192" ordinal="0" offset="68" sl="49" sc="13" el="49" ec="13" bec="0" bev="0" fileid="6" />
                <SequencePoint vc="0" uspid="193" ordinal="0" offset="71" sl="50" sc="18" el="50" ec="18" bec="0" bev="0" fileid="6" />
                <SequencePoint vc="0" uspid="194" ordinal="0" offset="86" sl="50" sc="45" el="50" ec="45" bec="0" bev="0" fileid="6" />
                <SequencePoint vc="0" uspid="195" ordinal="0" offset="87" sl="51" sc="17" el="51" ec="17" bec="0" bev="0" fileid="6" />
                <SequencePoint vc="0" uspid="196" ordinal="0" offset="126" sl="52" sc="13" el="52" ec="13" bec="0" bev="0" fileid="6" />
                <SequencePoint vc="1" uspid="197" ordinal="0" offset="127" sl="53" sc="9" el="53" ec="9" bec="0" bev="0" fileid="6" />
                <SequencePoint vc="2" uspid="198" ordinal="0" offset="133" sl="54" sc="14" el="54" ec="14" bec="0" bev="0" fileid="6" />
                <SequencePoint vc="1" uspid="199" ordinal="0" offset="144" sl="54" sc="33" el="54" ec="33" bec="0" bev="0" fileid="6" />
                <SequencePoint vc="1" uspid="200" ordinal="0" offset="145" sl="55" sc="13" el="55" ec="13" bec="0" bev="0" fileid="6" />
                <SequencePoint vc="1" uspid="201" ordinal="0" offset="162" sl="55" sc="40" el="55" ec="40" bec="0" bev="0" fileid="6" />
                <SequencePoint vc="1" uspid="202" ordinal="0" offset="163" sl="56" sc="17" el="56" ec="17" bec="0" bev="0" fileid="6" />
                <SequencePoint vc="1" uspid="203" ordinal="0" offset="202" sl="57" sc="13" el="57" ec="13" bec="0" bev="0" fileid="6" />
                <SequencePoint vc="0" uspid="204" ordinal="0" offset="205" sl="58" sc="18" el="58" ec="18" bec="0" bev="0" fileid="6" />
                <SequencePoint vc="0" uspid="205" ordinal="0" offset="222" sl="58" sc="41" el="58" ec="41" bec="0" bev="0" fileid="6" />
                <SequencePoint vc="0" uspid="206" ordinal="0" offset="223" sl="59" sc="17" el="59" ec="17" bec="0" bev="0" fileid="6" />
                <SequencePoint vc="0" uspid="207" ordinal="0" offset="262" sl="60" sc="13" el="60" ec="13" bec="0" bev="0" fileid="6" />
                <SequencePoint vc="1" uspid="208" ordinal="0" offset="263" sl="61" sc="9" el="61" ec="9" bec="0" bev="0" fileid="6" />
                <SequencePoint vc="3" uspid="209" ordinal="0" offset="264" sl="62" sc="9" el="62" ec="9" bec="0" bev="0" fileid="6" />
                <SequencePoint vc="2" uspid="210" ordinal="0" offset="274" sl="62" sc="26" el="62" ec="26" bec="0" bev="0" fileid="6" />
                <SequencePoint vc="2" uspid="211" ordinal="0" offset="275" sl="62" sc="28" el="62" ec="28" bec="0" bev="0" fileid="6" />
                <SequencePoint vc="2" uspid="212" ordinal="0" offset="283" sl="62" sc="56" el="62" ec="56" bec="0" bev="0" fileid="6" />
                <SequencePoint vc="3" uspid="213" ordinal="0" offset="284" sl="63" sc="5" el="63" ec="5" bec="0" bev="0" fileid="6" />
              </SequencePoints>
              <BranchPoints />
            </Method>
            <Method visited="true" cyclomaticComplexity="1" nPathComplexity="0" sequenceCoverage="100.0" branchCoverage="0" crapScore="1" isConstructor="true" isStatic="false" isGetter="false" isSetter="false">
              <Summary numSequencePoints="7" visitedSequencePoints="7" numBranchPoints="0" visitedBranchPoints="0" sequenceCoverage="100.0" branchCoverage="0" maxCyclomaticComplexity="1" minCyclomaticComplexity="1" maxCrapScore="1" minCrapScore="1" visitedClasses="0" numClasses="0" visitedMethods="1" numMethods="1" />
              <MetadataToken>100663328</MetadataToken>
              <Name>Hat::Hat(UnityEngine.Sprite[], UnityEngine.RuntimeAnimatorController[], Character, UnityEngine.GameObject)</Name>
              <FileRef uid="6" />
              <SequencePoints>
                <SequencePoint vc="5" uspid="214" ordinal="0" offset="0" sl="19" sc="5" el="19" ec="5" bec="0" bev="0" fileid="6" />
                <SequencePoint vc="5" uspid="215" ordinal="0" offset="7" sl="19" sc="112" el="19" ec="112" bec="0" bev="0" fileid="6" />
                <SequencePoint vc="5" uspid="216" ordinal="0" offset="8" sl="20" sc="9" el="20" ec="9" bec="0" bev="0" fileid="6" />
                <SequencePoint vc="5" uspid="217" ordinal="0" offset="15" sl="21" sc="9" el="21" ec="9" bec="0" bev="0" fileid="6" />
                <SequencePoint vc="5" uspid="218" ordinal="0" offset="22" sl="22" sc="9" el="22" ec="9" bec="0" bev="0" fileid="6" />
                <SequencePoint vc="5" uspid="219" ordinal="0" offset="29" sl="23" sc="9" el="23" ec="9" bec="0" bev="0" fileid="6" />
                <SequencePoint vc="5" uspid="220" ordinal="0" offset="37" sl="24" sc="5" el="24" ec="5" bec="0" bev="0" fileid="6" />
              </SequencePoints>
              <BranchPoints />
            </Method>
          </Methods>
        </Class>
        <Class>
          <Summary numSequencePoints="53" visitedSequencePoints="42" numBranchPoints="0" visitedBranchPoints="0" sequenceCoverage="79.25" branchCoverage="0.0" maxCyclomaticComplexity="8" minCyclomaticComplexity="1" maxCrapScore="9.34" minCrapScore="1" visitedClasses="1" numClasses="1" visitedMethods="3" numMethods="3" />
          <FullName>Shoes</FullName>
          <Methods>
            <Method visited="true" cyclomaticComplexity="6" nPathComplexity="0" sequenceCoverage="82.35" branchCoverage="0" crapScore="6.20" isConstructor="false" isStatic="false" isGetter="false" isSetter="false">
              <Summary numSequencePoints="17" visitedSequencePoints="14" numBranchPoints="0" visitedBranchPoints="0" sequenceCoverage="82.35" branchCoverage="0" maxCyclomaticComplexity="6" minCyclomaticComplexity="6" maxCrapScore="6.20" minCrapScore="6.20" visitedClasses="0" numClasses="0" visitedMethods="1" numMethods="1" />
              <MetadataToken>100663338</MetadataToken>
              <Name>System.Boolean Shoes::checkLogicShoes(System.String, UnityEngine.GameObject, TMPro.TextMeshProUGUI, UnityEngine.AudioSource, UnityEngine.AudioSource)</Name>
              <FileRef uid="7" />
              <SequencePoints>
                <SequencePoint vc="5" uspid="221" ordinal="0" offset="0" sl="27" sc="133" el="27" ec="133" bec="0" bev="0" fileid="7" />
                <SequencePoint vc="5" uspid="222" ordinal="0" offset="1" sl="28" sc="9" el="28" ec="9" bec="0" bev="0" fileid="7" />
                <SequencePoint vc="1" uspid="223" ordinal="0" offset="40" sl="28" sc="61" el="28" ec="61" bec="0" bev="0" fileid="7" />
                <SequencePoint vc="1" uspid="224" ordinal="0" offset="41" sl="29" sc="13" el="29" ec="13" bec="0" bev="0" fileid="7" />
                <SequencePoint vc="1" uspid="225" ordinal="0" offset="56" sl="30" sc="13" el="30" ec="13" bec="0" bev="0" fileid="7" />
                <SequencePoint vc="4" uspid="226" ordinal="0" offset="60" sl="32" sc="14" el="32" ec="14" bec="0" bev="0" fileid="7" />
                <SequencePoint vc="3" uspid="227" ordinal="0" offset="91" sl="32" sc="54" el="32" ec="54" bec="0" bev="0" fileid="7" />
                <SequencePoint vc="3" uspid="228" ordinal="0" offset="92" sl="33" sc="13" el="33" ec="13" bec="0" bev="0" fileid="7" />
                <SequencePoint vc="3" uspid="229" ordinal="0" offset="117" sl="34" sc="13" el="34" ec="13" bec="0" bev="0" fileid="7" />
                <SequencePoint vc="0" uspid="230" ordinal="0" offset="131" sl="34" sc="31" el="34" ec="31" bec="0" bev="0" fileid="7" />
                <SequencePoint vc="0" uspid="231" ordinal="0" offset="132" sl="34" sc="33" el="34" ec="33" bec="0" bev="0" fileid="7" />
                <SequencePoint vc="0" uspid="232" ordinal="0" offset="140" sl="34" sc="46" el="34" ec="46" bec="0" bev="0" fileid="7" />
                <SequencePoint vc="3" uspid="233" ordinal="0" offset="141" sl="35" sc="13" el="35" ec="13" bec="0" bev="0" fileid="7" />
                <SequencePoint vc="1" uspid="234" ordinal="0" offset="145" sl="37" sc="14" el="37" ec="14" bec="0" bev="0" fileid="7" />
                <SequencePoint vc="1" uspid="235" ordinal="0" offset="146" sl="38" sc="13" el="38" ec="13" bec="0" bev="0" fileid="7" />
                <SequencePoint vc="1" uspid="236" ordinal="0" offset="162" sl="39" sc="13" el="39" ec="13" bec="0" bev="0" fileid="7" />
                <SequencePoint vc="5" uspid="237" ordinal="0" offset="166" sl="41" sc="5" el="41" ec="5" bec="0" bev="0" fileid="7" />
              </SequencePoints>
              <BranchPoints />
            </Method>
            <Method visited="true" cyclomaticComplexity="8" nPathComplexity="0" sequenceCoverage="72.41" branchCoverage="0" crapScore="9.34" isConstructor="false" isStatic="false" isGetter="false" isSetter="false">
              <Summary numSequencePoints="29" visitedSequencePoints="21" numBranchPoints="0" visitedBranchPoints="0" sequenceCoverage="72.41" branchCoverage="0" maxCyclomaticComplexity="8" minCyclomaticComplexity="8" maxCrapScore="9.34" minCrapScore="9.34" visitedClasses="0" numClasses="0" visitedMethods="1" numMethods="1" />
              <MetadataToken>100663339</MetadataToken>
              <Name>System.Void Shoes::AddShoesToCharacter(System.Char, System.Char)</Name>
              <FileRef uid="7" />
              <SequencePoints>
                <SequencePoint vc="3" uspid="238" ordinal="0" offset="0" sl="45" sc="61" el="45" ec="61" bec="0" bev="0" fileid="7" />
                <SequencePoint vc="3" uspid="239" ordinal="0" offset="1" sl="46" sc="9" el="46" ec="9" bec="0" bev="0" fileid="7" />
                <SequencePoint vc="3" uspid="240" ordinal="0" offset="3" sl="47" sc="9" el="47" ec="9" bec="0" bev="0" fileid="7" />
                <SequencePoint vc="1" uspid="241" ordinal="0" offset="12" sl="47" sc="28" el="47" ec="28" bec="0" bev="0" fileid="7" />
                <SequencePoint vc="1" uspid="242" ordinal="0" offset="13" sl="48" sc="13" el="48" ec="13" bec="0" bev="0" fileid="7" />
                <SequencePoint vc="1" uspid="243" ordinal="0" offset="22" sl="48" sc="30" el="48" ec="30" bec="0" bev="0" fileid="7" />
                <SequencePoint vc="1" uspid="244" ordinal="0" offset="23" sl="49" sc="17" el="49" ec="17" bec="0" bev="0" fileid="7" />
                <SequencePoint vc="1" uspid="245" ordinal="0" offset="62" sl="50" sc="13" el="50" ec="13" bec="0" bev="0" fileid="7" />
                <SequencePoint vc="0" uspid="246" ordinal="0" offset="65" sl="51" sc="18" el="51" ec="18" bec="0" bev="0" fileid="7" />
                <SequencePoint vc="0" uspid="247" ordinal="0" offset="74" sl="51" sc="35" el="51" ec="35" bec="0" bev="0" fileid="7" />
                <SequencePoint vc="0" uspid="248" ordinal="0" offset="75" sl="52" sc="17" el="52" ec="17" bec="0" bev="0" fileid="7" />
                <SequencePoint vc="0" uspid="249" ordinal="0" offset="114" sl="53" sc="13" el="53" ec="13" bec="0" bev="0" fileid="7" />
                <SequencePoint vc="1" uspid="250" ordinal="0" offset="115" sl="54" sc="9" el="54" ec="9" bec="0" bev="0" fileid="7" />
                <SequencePoint vc="2" uspid="251" ordinal="0" offset="118" sl="55" sc="14" el="55" ec="14" bec="0" bev="0" fileid="7" />
                <SequencePoint vc="1" uspid="252" ordinal="0" offset="129" sl="55" sc="33" el="55" ec="33" bec="0" bev="0" fileid="7" />
                <SequencePoint vc="1" uspid="253" ordinal="0" offset="130" sl="56" sc="13" el="56" ec="13" bec="0" bev="0" fileid="7" />
                <SequencePoint vc="1" uspid="254" ordinal="0" offset="141" sl="56" sc="30" el="56" ec="30" bec="0" bev="0" fileid="7" />
                <SequencePoint vc="1" uspid="255" ordinal="0" offset="142" sl="57" sc="17" el="57" ec="17" bec="0" bev="0" fileid="7" />
                <SequencePoint vc="1" uspid="256" ordinal="0" offset="181" sl="58" sc="13" el="58" ec="13" bec="0" bev="0" fileid="7" />
                <SequencePoint vc="0" uspid="257" ordinal="0" offset="184" sl="59" sc="18" el="59" ec="18" bec="0" bev="0" fileid="7" />
                <SequencePoint vc="0" uspid="258" ordinal="0" offset="195" sl="59" sc="35" el="59" ec="35" bec="0" bev="0" fileid="7" />
                <SequencePoint vc="0" uspid="259" ordinal="0" offset="196" sl="60" sc="17" el="60" ec="17" bec="0" bev="0" fileid="7" />
                <SequencePoint vc="0" uspid="260" ordinal="0" offset="235" sl="61" sc="13" el="61" ec="13" bec="0" bev="0" fileid="7" />
                <SequencePoint vc="1" uspid="261" ordinal="0" offset="236" sl="62" sc="9" el="62" ec="9" bec="0" bev="0" fileid="7" />
                <SequencePoint vc="3" uspid="262" ordinal="0" offset="237" sl="63" sc="9" el="63" ec="9" bec="0" bev="0" fileid="7" />
                <SequencePoint vc="2" uspid="263" ordinal="0" offset="247" sl="63" sc="26" el="63" ec="26" bec="0" bev="0" fileid="7" />
                <SequencePoint vc="2" uspid="264" ordinal="0" offset="248" sl="63" sc="28" el="63" ec="28" bec="0" bev="0" fileid="7" />
                <SequencePoint vc="2" uspid="265" ordinal="0" offset="256" sl="63" sc="56" el="63" ec="56" bec="0" bev="0" fileid="7" />
                <SequencePoint vc="3" uspid="266" ordinal="0" offset="257" sl="64" sc="5" el="64" ec="5" bec="0" bev="0" fileid="7" />
              </SequencePoints>
              <BranchPoints />
            </Method>
            <Method visited="true" cyclomaticComplexity="1" nPathComplexity="0" sequenceCoverage="100.0" branchCoverage="0" crapScore="1" isConstructor="true" isStatic="false" isGetter="false" isSetter="false">
              <Summary numSequencePoints="7" visitedSequencePoints="7" numBranchPoints="0" visitedBranchPoints="0" sequenceCoverage="100.0" branchCoverage="0" maxCyclomaticComplexity="1" minCyclomaticComplexity="1" maxCrapScore="1" minCrapScore="1" visitedClasses="0" numClasses="0" visitedMethods="1" numMethods="1" />
              <MetadataToken>100663337</MetadataToken>
              <Name>Shoes::Shoes(UnityEngine.Sprite[], UnityEngine.RuntimeAnimatorController[], Character, UnityEngine.GameObject)</Name>
              <FileRef uid="7" />
              <SequencePoints>
                <SequencePoint vc="5" uspid="267" ordinal="0" offset="0" sl="19" sc="5" el="19" ec="5" bec="0" bev="0" fileid="7" />
                <SequencePoint vc="5" uspid="268" ordinal="0" offset="7" sl="19" sc="119" el="19" ec="119" bec="0" bev="0" fileid="7" />
                <SequencePoint vc="5" uspid="269" ordinal="0" offset="8" sl="20" sc="9" el="20" ec="9" bec="0" bev="0" fileid="7" />
                <SequencePoint vc="5" uspid="270" ordinal="0" offset="15" sl="21" sc="9" el="21" ec="9" bec="0" bev="0" fileid="7" />
                <SequencePoint vc="5" uspid="271" ordinal="0" offset="22" sl="22" sc="9" el="22" ec="9" bec="0" bev="0" fileid="7" />
                <SequencePoint vc="5" uspid="272" ordinal="0" offset="29" sl="23" sc="9" el="23" ec="9" bec="0" bev="0" fileid="7" />
                <SequencePoint vc="5" uspid="273" ordinal="0" offset="37" sl="24" sc="5" el="24" ec="5" bec="0" bev="0" fileid="7" />
              </SequencePoints>
              <BranchPoints />
            </Method>
          </Methods>
        </Class>
        <Class>
          <Summary numSequencePoints="49" visitedSequencePoints="38" numBranchPoints="0" visitedBranchPoints="0" sequenceCoverage="77.55" branchCoverage="0.0" maxCyclomaticComplexity="8" minCyclomaticComplexity="1" maxCrapScore="9.34" minCrapScore="1" visitedClasses="1" numClasses="1" visitedMethods="3" numMethods="3" />
          <FullName>Top</FullName>
          <Methods>
            <Method visited="true" cyclomaticComplexity="4" nPathComplexity="0" sequenceCoverage="76.92" branchCoverage="0" crapScore="4.20" isConstructor="false" isStatic="false" isGetter="false" isSetter="false">
              <Summary numSequencePoints="13" visitedSequencePoints="10" numBranchPoints="0" visitedBranchPoints="0" sequenceCoverage="76.92" branchCoverage="0" maxCyclomaticComplexity="4" minCyclomaticComplexity="4" maxCrapScore="4.20" minCrapScore="4.20" visitedClasses="0" numClasses="0" visitedMethods="1" numMethods="1" />
              <MetadataToken>100663341</MetadataToken>
              <Name>System.Boolean Top::checkLogicTop(System.String, UnityEngine.GameObject, TMPro.TextMeshProUGUI, UnityEngine.AudioSource, UnityEngine.AudioSource)</Name>
              <FileRef uid="8" />
              <SequencePoints>
                <SequencePoint vc="4" uspid="274" ordinal="0" offset="0" sl="27" sc="131" el="27" ec="131" bec="0" bev="0" fileid="8" />
                <SequencePoint vc="4" uspid="275" ordinal="0" offset="1" sl="28" sc="9" el="28" ec="9" bec="0" bev="0" fileid="8" />
                <SequencePoint vc="3" uspid="276" ordinal="0" offset="32" sl="28" sc="48" el="28" ec="48" bec="0" bev="0" fileid="8" />
                <SequencePoint vc="3" uspid="277" ordinal="0" offset="33" sl="29" sc="13" el="29" ec="13" bec="0" bev="0" fileid="8" />
                <SequencePoint vc="3" uspid="278" ordinal="0" offset="52" sl="30" sc="13" el="30" ec="13" bec="0" bev="0" fileid="8" />
                <SequencePoint vc="0" uspid="279" ordinal="0" offset="64" sl="30" sc="31" el="30" ec="31" bec="0" bev="0" fileid="8" />
                <SequencePoint vc="0" uspid="280" ordinal="0" offset="65" sl="30" sc="33" el="30" ec="33" bec="0" bev="0" fileid="8" />
                <SequencePoint vc="0" uspid="281" ordinal="0" offset="73" sl="30" sc="46" el="30" ec="46" bec="0" bev="0" fileid="8" />
                <SequencePoint vc="3" uspid="282" ordinal="0" offset="74" sl="31" sc="13" el="31" ec="13" bec="0" bev="0" fileid="8" />
                <SequencePoint vc="1" uspid="283" ordinal="0" offset="78" sl="33" sc="14" el="33" ec="14" bec="0" bev="0" fileid="8" />
                <SequencePoint vc="1" uspid="284" ordinal="0" offset="79" sl="34" sc="13" el="34" ec="13" bec="0" bev="0" fileid="8" />
                <SequencePoint vc="1" uspid="285" ordinal="0" offset="94" sl="35" sc="13" el="35" ec="13" bec="0" bev="0" fileid="8" />
                <SequencePoint vc="4" uspid="286" ordinal="0" offset="98" sl="37" sc="5" el="37" ec="5" bec="0" bev="0" fileid="8" />
              </SequencePoints>
              <BranchPoints />
            </Method>
            <Method visited="true" cyclomaticComplexity="8" nPathComplexity="0" sequenceCoverage="72.41" branchCoverage="0" crapScore="9.34" isConstructor="false" isStatic="false" isGetter="false" isSetter="false">
              <Summary numSequencePoints="29" visitedSequencePoints="21" numBranchPoints="0" visitedBranchPoints="0" sequenceCoverage="72.41" branchCoverage="0" maxCyclomaticComplexity="8" minCyclomaticComplexity="8" maxCrapScore="9.34" minCrapScore="9.34" visitedClasses="0" numClasses="0" visitedMethods="1" numMethods="1" />
              <MetadataToken>100663342</MetadataToken>
              <Name>System.Void Top::addTopToCharacter(System.Char, System.String)</Name>
              <FileRef uid="8" />
              <SequencePoints>
                <SequencePoint vc="3" uspid="287" ordinal="0" offset="0" sl="40" sc="61" el="40" ec="61" bec="0" bev="0" fileid="8" />
                <SequencePoint vc="3" uspid="288" ordinal="0" offset="1" sl="41" sc="9" el="41" ec="9" bec="0" bev="0" fileid="8" />
                <SequencePoint vc="3" uspid="289" ordinal="0" offset="3" sl="42" sc="9" el="42" ec="9" bec="0" bev="0" fileid="8" />
                <SequencePoint vc="1" uspid="290" ordinal="0" offset="12" sl="42" sc="28" el="42" ec="28" bec="0" bev="0" fileid="8" />
                <SequencePoint vc="1" uspid="291" ordinal="0" offset="13" sl="43" sc="13" el="43" ec="13" bec="0" bev="0" fileid="8" />
                <SequencePoint vc="1" uspid="292" ordinal="0" offset="28" sl="43" sc="34" el="43" ec="34" bec="0" bev="0" fileid="8" />
                <SequencePoint vc="1" uspid="293" ordinal="0" offset="29" sl="44" sc="17" el="44" ec="17" bec="0" bev="0" fileid="8" />
                <SequencePoint vc="1" uspid="294" ordinal="0" offset="68" sl="45" sc="13" el="45" ec="13" bec="0" bev="0" fileid="8" />
                <SequencePoint vc="0" uspid="295" ordinal="0" offset="71" sl="46" sc="18" el="46" ec="18" bec="0" bev="0" fileid="8" />
                <SequencePoint vc="0" uspid="296" ordinal="0" offset="86" sl="46" sc="38" el="46" ec="38" bec="0" bev="0" fileid="8" />
                <SequencePoint vc="0" uspid="297" ordinal="0" offset="87" sl="47" sc="17" el="47" ec="17" bec="0" bev="0" fileid="8" />
                <SequencePoint vc="0" uspid="298" ordinal="0" offset="126" sl="48" sc="13" el="48" ec="13" bec="0" bev="0" fileid="8" />
                <SequencePoint vc="1" uspid="299" ordinal="0" offset="127" sl="49" sc="9" el="49" ec="9" bec="0" bev="0" fileid="8" />
                <SequencePoint vc="2" uspid="300" ordinal="0" offset="133" sl="50" sc="14" el="50" ec="14" bec="0" bev="0" fileid="8" />
                <SequencePoint vc="1" uspid="301" ordinal="0" offset="144" sl="50" sc="33" el="50" ec="33" bec="0" bev="0" fileid="8" />
                <SequencePoint vc="1" uspid="302" ordinal="0" offset="145" sl="51" sc="13" el="51" ec="13" bec="0" bev="0" fileid="8" />
                <SequencePoint vc="1" uspid="303" ordinal="0" offset="162" sl="51" sc="34" el="51" ec="34" bec="0" bev="0" fileid="8" />
                <SequencePoint vc="1" uspid="304" ordinal="0" offset="163" sl="52" sc="17" el="52" ec="17" bec="0" bev="0" fileid="8" />
                <SequencePoint vc="1" uspid="305" ordinal="0" offset="202" sl="53" sc="13" el="53" ec="13" bec="0" bev="0" fileid="8" />
                <SequencePoint vc="0" uspid="306" ordinal="0" offset="205" sl="54" sc="18" el="54" ec="18" bec="0" bev="0" fileid="8" />
                <SequencePoint vc="0" uspid="307" ordinal="0" offset="222" sl="54" sc="38" el="54" ec="38" bec="0" bev="0" fileid="8" />
                <SequencePoint vc="0" uspid="308" ordinal="0" offset="223" sl="55" sc="17" el="55" ec="17" bec="0" bev="0" fileid="8" />
                <SequencePoint vc="0" uspid="309" ordinal="0" offset="262" sl="56" sc="13" el="56" ec="13" bec="0" bev="0" fileid="8" />
                <SequencePoint vc="1" uspid="310" ordinal="0" offset="263" sl="57" sc="9" el="57" ec="9" bec="0" bev="0" fileid="8" />
                <SequencePoint vc="3" uspid="311" ordinal="0" offset="264" sl="58" sc="9" el="58" ec="9" bec="0" bev="0" fileid="8" />
                <SequencePoint vc="2" uspid="312" ordinal="0" offset="274" sl="58" sc="26" el="58" ec="26" bec="0" bev="0" fileid="8" />
                <SequencePoint vc="2" uspid="313" ordinal="0" offset="275" sl="58" sc="28" el="58" ec="28" bec="0" bev="0" fileid="8" />
                <SequencePoint vc="2" uspid="314" ordinal="0" offset="283" sl="58" sc="56" el="58" ec="56" bec="0" bev="0" fileid="8" />
                <SequencePoint vc="3" uspid="315" ordinal="0" offset="284" sl="59" sc="5" el="59" ec="5" bec="0" bev="0" fileid="8" />
              </SequencePoints>
              <BranchPoints />
            </Method>
            <Method visited="true" cyclomaticComplexity="1" nPathComplexity="0" sequenceCoverage="100.0" branchCoverage="0" crapScore="1" isConstructor="true" isStatic="false" isGetter="false" isSetter="false">
              <Summary numSequencePoints="7" visitedSequencePoints="7" numBranchPoints="0" visitedBranchPoints="0" sequenceCoverage="100.0" branchCoverage="0" maxCyclomaticComplexity="1" minCyclomaticComplexity="1" maxCrapScore="1" minCrapScore="1" visitedClasses="0" numClasses="0" visitedMethods="1" numMethods="1" />
              <MetadataToken>100663340</MetadataToken>
              <Name>Top::Top(UnityEngine.Sprite[], UnityEngine.RuntimeAnimatorController[], Character, UnityEngine.GameObject)</Name>
              <FileRef uid="8" />
              <SequencePoints>
                <SequencePoint vc="4" uspid="316" ordinal="0" offset="0" sl="19" sc="5" el="19" ec="5" bec="0" bev="0" fileid="8" />
                <SequencePoint vc="4" uspid="317" ordinal="0" offset="7" sl="19" sc="112" el="19" ec="112" bec="0" bev="0" fileid="8" />
                <SequencePoint vc="4" uspid="318" ordinal="0" offset="8" sl="20" sc="9" el="20" ec="9" bec="0" bev="0" fileid="8" />
                <SequencePoint vc="4" uspid="319" ordinal="0" offset="15" sl="21" sc="9" el="21" ec="9" bec="0" bev="0" fileid="8" />
                <SequencePoint vc="4" uspid="320" ordinal="0" offset="22" sl="22" sc="9" el="22" ec="9" bec="0" bev="0" fileid="8" />
                <SequencePoint vc="4" uspid="321" ordinal="0" offset="29" sl="23" sc="9" el="23" ec="9" bec="0" bev="0" fileid="8" />
                <SequencePoint vc="4" uspid="322" ordinal="0" offset="37" sl="24" sc="5" el="24" ec="5" bec="0" bev="0" fileid="8" />
              </SequencePoints>
              <BranchPoints />
            </Method>
          </Methods>
        </Class>
        <Class>
          <Summary numSequencePoints="77" visitedSequencePoints="72" numBranchPoints="0" visitedBranchPoints="0" sequenceCoverage="93.51" branchCoverage="0.0" maxCyclomaticComplexity="7" minCyclomaticComplexity="1" maxCrapScore="7.07" minCrapScore="1" visitedClasses="1" numClasses="1" visitedMethods="6" numMethods="6" />
          <FullName>TypesInputChecker</FullName>
          <Methods>
            <Method visited="true" cyclomaticComplexity="7" nPathComplexity="0" sequenceCoverage="88.89" branchCoverage="0" crapScore="7.07" isConstructor="false" isStatic="false" isGetter="false" isSetter="false">
              <Summary numSequencePoints="18" visitedSequencePoints="16" numBranchPoints="0" visitedBranchPoints="0" sequenceCoverage="88.89" branchCoverage="0" maxCyclomaticComplexity="7" minCyclomaticComplexity="7" maxCrapScore="7.07" minCrapScore="7.07" visitedClasses="0" numClasses="0" visitedMethods="1" numMethods="1" />
              <MetadataToken>100663344</MetadataToken>
              <Name>System.Boolean TypesInputChecker::CheckInput(System.String)</Name>
              <FileRef uid="9" />
              <SequencePoints>
                <SequencePoint vc="12" uspid="323" ordinal="0" offset="0" sl="28" sc="41" el="28" ec="41" bec="0" bev="0" fileid="9" />
                <SequencePoint vc="12" uspid="324" ordinal="0" offset="1" sl="29" sc="9" el="29" ec="9" bec="0" bev="0" fileid="9" />
                <SequencePoint vc="12" uspid="325" ordinal="0" offset="17" sl="29" sc="30" el="29" ec="30" bec="0" bev="0" fileid="9" />
                <SequencePoint vc="12" uspid="326" ordinal="0" offset="18" sl="30" sc="13" el="30" ec="13" bec="0" bev="0" fileid="9" />
                <SequencePoint vc="2" uspid="327" ordinal="0" offset="52" sl="30" sc="69" el="30" ec="69" bec="0" bev="0" fileid="9" />
                <SequencePoint vc="2" uspid="328" ordinal="0" offset="53" sl="31" sc="17" el="31" ec="17" bec="0" bev="0" fileid="9" />
                <SequencePoint vc="10" uspid="329" ordinal="0" offset="63" sl="33" sc="18" el="33" ec="18" bec="0" bev="0" fileid="9" />
                <SequencePoint vc="3" uspid="330" ordinal="0" offset="83" sl="33" sc="52" el="33" ec="52" bec="0" bev="0" fileid="9" />
                <SequencePoint vc="3" uspid="331" ordinal="0" offset="84" sl="34" sc="17" el="34" ec="17" bec="0" bev="0" fileid="9" />
                <SequencePoint vc="7" uspid="332" ordinal="0" offset="94" sl="36" sc="18" el="36" ec="18" bec="0" bev="0" fileid="9" />
                <SequencePoint vc="4" uspid="333" ordinal="0" offset="116" sl="36" sc="54" el="36" ec="54" bec="0" bev="0" fileid="9" />
                <SequencePoint vc="4" uspid="334" ordinal="0" offset="117" sl="37" sc="17" el="37" ec="17" bec="0" bev="0" fileid="9" />
                <SequencePoint vc="3" uspid="335" ordinal="0" offset="127" sl="39" sc="18" el="39" ec="18" bec="0" bev="0" fileid="9" />
                <SequencePoint vc="3" uspid="336" ordinal="0" offset="149" sl="39" sc="56" el="39" ec="56" bec="0" bev="0" fileid="9" />
                <SequencePoint vc="3" uspid="337" ordinal="0" offset="150" sl="40" sc="17" el="40" ec="17" bec="0" bev="0" fileid="9" />
                <SequencePoint vc="0" uspid="338" ordinal="0" offset="160" sl="42" sc="9" el="42" ec="9" bec="0" bev="0" fileid="9" />
                <SequencePoint vc="0" uspid="339" ordinal="0" offset="161" sl="43" sc="9" el="43" ec="9" bec="0" bev="0" fileid="9" />
                <SequencePoint vc="12" uspid="340" ordinal="0" offset="165" sl="44" sc="5" el="44" ec="5" bec="0" bev="0" fileid="9" />
              </SequencePoints>
              <BranchPoints />
            </Method>
            <Method visited="true" cyclomaticComplexity="3" nPathComplexity="0" sequenceCoverage="100.0" branchCoverage="0" crapScore="3" isConstructor="false" isStatic="false" isGetter="false" isSetter="false">
              <Summary numSequencePoints="9" visitedSequencePoints="9" numBranchPoints="0" visitedBranchPoints="0" sequenceCoverage="100.0" branchCoverage="0" maxCyclomaticComplexity="3" minCyclomaticComplexity="3" maxCrapScore="3" minCrapScore="3" visitedClasses="0" numClasses="0" visitedMethods="1" numMethods="1" />
              <MetadataToken>100663345</MetadataToken>
              <Name>System.Boolean TypesInputChecker::checkString(System.String)</Name>
              <FileRef uid="9" />
              <SequencePoints>
                <SequencePoint vc="2" uspid="341" ordinal="0" offset="0" sl="47" sc="42" el="47" ec="42" bec="0" bev="0" fileid="9" />
                <SequencePoint vc="2" uspid="342" ordinal="0" offset="1" sl="48" sc="9" el="48" ec="9" bec="0" bev="0" fileid="9" />
                <SequencePoint vc="1" uspid="343" ordinal="0" offset="40" sl="48" sc="61" el="48" ec="61" bec="0" bev="0" fileid="9" />
                <SequencePoint vc="1" uspid="344" ordinal="0" offset="41" sl="49" sc="13" el="49" ec="13" bec="0" bev="0" fileid="9" />
                <SequencePoint vc="1" uspid="345" ordinal="0" offset="70" sl="50" sc="13" el="50" ec="13" bec="0" bev="0" fileid="9" />
                <SequencePoint vc="1" uspid="346" ordinal="0" offset="74" sl="52" sc="14" el="52" ec="14" bec="0" bev="0" fileid="9" />
                <SequencePoint vc="1" uspid="347" ordinal="0" offset="75" sl="53" sc="13" el="53" ec="13" bec="0" bev="0" fileid="9" />
                <SequencePoint vc="1" uspid="348" ordinal="0" offset="102" sl="54" sc="13" el="54" ec="13" bec="0" bev="0" fileid="9" />
                <SequencePoint vc="2" uspid="349" ordinal="0" offset="106" sl="56" sc="5" el="56" ec="5" bec="0" bev="0" fileid="9" />
              </SequencePoints>
              <BranchPoints />
            </Method>
            <Method visited="true" cyclomaticComplexity="3" nPathComplexity="0" sequenceCoverage="76.92" branchCoverage="0" crapScore="3.11" isConstructor="false" isStatic="false" isGetter="false" isSetter="false">
              <Summary numSequencePoints="13" visitedSequencePoints="10" numBranchPoints="0" visitedBranchPoints="0" sequenceCoverage="76.92" branchCoverage="0" maxCyclomaticComplexity="3" minCyclomaticComplexity="3" maxCrapScore="3.11" minCrapScore="3.11" visitedClasses="0" numClasses="0" visitedMethods="1" numMethods="1" />
              <MetadataToken>100663346</MetadataToken>
              <Name>System.Boolean TypesInputChecker::checkInt(System.String)</Name>
              <FileRef uid="9" />
              <SequencePoints>
                <SequencePoint vc="3" uspid="350" ordinal="0" offset="0" sl="59" sc="39" el="59" ec="39" bec="0" bev="0" fileid="9" />
                <SequencePoint vc="3" uspid="351" ordinal="0" offset="1" sl="61" sc="9" el="61" ec="9" bec="0" bev="0" fileid="9" />
                <SequencePoint vc="2" uspid="352" ordinal="0" offset="16" sl="61" sc="41" el="61" ec="41" bec="0" bev="0" fileid="9" />
                <SequencePoint vc="2" uspid="353" ordinal="0" offset="17" sl="62" sc="13" el="62" ec="13" bec="0" bev="0" fileid="9" />
                <SequencePoint vc="2" uspid="354" ordinal="0" offset="46" sl="63" sc="13" el="63" ec="13" bec="0" bev="0" fileid="9" />
                <SequencePoint vc="1" uspid="355" ordinal="0" offset="50" sl="65" sc="14" el="65" ec="14" bec="0" bev="0" fileid="9" />
                <SequencePoint vc="0" uspid="356" ordinal="0" offset="67" sl="65" sc="33" el="65" ec="33" bec="0" bev="0" fileid="9" />
                <SequencePoint vc="0" uspid="357" ordinal="0" offset="68" sl="66" sc="13" el="66" ec="13" bec="0" bev="0" fileid="9" />
                <SequencePoint vc="0" uspid="358" ordinal="0" offset="98" sl="67" sc="13" el="67" ec="13" bec="0" bev="0" fileid="9" />
                <SequencePoint vc="1" uspid="359" ordinal="0" offset="102" sl="69" sc="14" el="69" ec="14" bec="0" bev="0" fileid="9" />
                <SequencePoint vc="1" uspid="360" ordinal="0" offset="103" sl="70" sc="13" el="70" ec="13" bec="0" bev="0" fileid="9" />
                <SequencePoint vc="1" uspid="361" ordinal="0" offset="116" sl="71" sc="13" el="71" ec="13" bec="0" bev="0" fileid="9" />
                <SequencePoint vc="3" uspid="362" ordinal="0" offset="120" sl="73" sc="5" el="73" ec="5" bec="0" bev="0" fileid="9" />
              </SequencePoints>
              <BranchPoints />
            </Method>
            <Method visited="true" cyclomaticComplexity="4" nPathComplexity="0" sequenceCoverage="100.0" branchCoverage="0" crapScore="4" isConstructor="false" isStatic="false" isGetter="false" isSetter="false">
              <Summary numSequencePoints="17" visitedSequencePoints="17" numBranchPoints="0" visitedBranchPoints="0" sequenceCoverage="100.0" branchCoverage="0" maxCyclomaticComplexity="4" minCyclomaticComplexity="4" maxCrapScore="4" minCrapScore="4" visitedClasses="0" numClasses="0" visitedMethods="1" numMethods="1" />
              <MetadataToken>100663347</MetadataToken>
              <Name>System.Boolean TypesInputChecker::checkFloat(System.String)</Name>
              <FileRef uid="9" />
              <SequencePoints>
                <SequencePoint vc="4" uspid="363" ordinal="0" offset="0" sl="76" sc="41" el="76" ec="41" bec="0" bev="0" fileid="9" />
                <SequencePoint vc="4" uspid="364" ordinal="0" offset="1" sl="78" sc="9" el="78" ec="9" bec="0" bev="0" fileid="9" />
                <SequencePoint vc="1" uspid="365" ordinal="0" offset="16" sl="78" sc="43" el="78" ec="43" bec="0" bev="0" fileid="9" />
                <SequencePoint vc="1" uspid="366" ordinal="0" offset="17" sl="79" sc="13" el="79" ec="13" bec="0" bev="0" fileid="9" />
                <SequencePoint vc="1" uspid="367" ordinal="0" offset="46" sl="80" sc="13" el="80" ec="13" bec="0" bev="0" fileid="9" />
                <SequencePoint vc="3" uspid="368" ordinal="0" offset="50" sl="82" sc="14" el="82" ec="14" bec="0" bev="0" fileid="9" />
                <SequencePoint vc="1" uspid="369" ordinal="0" offset="65" sl="82" sc="35" el="82" ec="35" bec="0" bev="0" fileid="9" />
                <SequencePoint vc="1" uspid="370" ordinal="0" offset="66" sl="83" sc="13" el="83" ec="13" bec="0" bev="0" fileid="9" />
                <SequencePoint vc="1" uspid="371" ordinal="0" offset="96" sl="85" sc="13" el="85" ec="13" bec="0" bev="0" fileid="9" />
                <SequencePoint vc="2" uspid="372" ordinal="0" offset="100" sl="87" sc="14" el="87" ec="14" bec="0" bev="0" fileid="9" />
                <SequencePoint vc="1" uspid="373" ordinal="0" offset="117" sl="87" sc="39" el="87" ec="39" bec="0" bev="0" fileid="9" />
                <SequencePoint vc="1" uspid="374" ordinal="0" offset="118" sl="88" sc="13" el="88" ec="13" bec="0" bev="0" fileid="9" />
                <SequencePoint vc="1" uspid="375" ordinal="0" offset="125" sl="90" sc="13" el="90" ec="13" bec="0" bev="0" fileid="9" />
                <SequencePoint vc="1" uspid="376" ordinal="0" offset="152" sl="91" sc="13" el="91" ec="13" bec="0" bev="0" fileid="9" />
                <SequencePoint vc="1" uspid="377" ordinal="0" offset="156" sl="93" sc="14" el="93" ec="14" bec="0" bev="0" fileid="9" />
                <SequencePoint vc="1" uspid="378" ordinal="0" offset="157" sl="94" sc="13" el="94" ec="13" bec="0" bev="0" fileid="9" />
                <SequencePoint vc="4" uspid="379" ordinal="0" offset="161" sl="96" sc="5" el="96" ec="5" bec="0" bev="0" fileid="9" />
              </SequencePoints>
              <BranchPoints />
            </Method>
            <Method visited="true" cyclomaticComplexity="4" nPathComplexity="0" sequenceCoverage="100.0" branchCoverage="0" crapScore="4" isConstructor="false" isStatic="false" isGetter="false" isSetter="false">
              <Summary numSequencePoints="12" visitedSequencePoints="12" numBranchPoints="0" visitedBranchPoints="0" sequenceCoverage="100.0" branchCoverage="0" maxCyclomaticComplexity="4" minCyclomaticComplexity="4" maxCrapScore="4" minCrapScore="4" visitedClasses="0" numClasses="0" visitedMethods="1" numMethods="1" />
              <MetadataToken>100663348</MetadataToken>
              <Name>System.Boolean TypesInputChecker::checkBoolean(System.String)</Name>
              <FileRef uid="9" />
              <SequencePoints>
[...]
              <Summary numSequencePoints="8" visitedSequencePoints="7" numBranchPoints="0" visitedBranchPoints="0" sequenceCoverage="87.50" branchCoverage="0" maxCyclomaticComplexity="6" minCyclomaticComplexity="6" maxCrapScore="6.07" minCrapScore="6.07" visitedClasses="0" numClasses="0" visitedMethods="1" numMethods="1" />
              <MetadataToken>100663323</MetadataToken>
              <Name>System.Boolean CorrectionChecker::CheckInput(System.String, System.Int32)</Name>
              <FileRef uid="13" />
              <SequencePoints>
                <SequencePoint vc="12" uspid="645" ordinal="0" offset="0" sl="25" sc="59" el="25" ec="59" bec="0" bev="0" fileid="13" />
                <SequencePoint vc="12" uspid="646" ordinal="0" offset="1" sl="26" sc="9" el="26" ec="9" bec="0" bev="0" fileid="13" />
                <SequencePoint vc="3" uspid="647" ordinal="0" offset="35" sl="28" sc="17" el="28" ec="17" bec="0" bev="0" fileid="13" />
                <SequencePoint vc="3" uspid="648" ordinal="0" offset="60" sl="30" sc="17" el="30" ec="17" bec="0" bev="0" fileid="13" />
                <SequencePoint vc="3" uspid="649" ordinal="0" offset="85" sl="32" sc="17" el="32" ec="17" bec="0" bev="0" fileid="13" />
                <SequencePoint vc="3" uspid="650" ordinal="0" offset="110" sl="34" sc="17" el="34" ec="17" bec="0" bev="0" fileid="13" />
                <SequencePoint vc="0" uspid="651" ordinal="0" offset="135" sl="36" sc="17" el="36" ec="17" bec="0" bev="0" fileid="13" />
                <SequencePoint vc="12" uspid="652" ordinal="0" offset="139" sl="38" sc="5" el="38" ec="5" bec="0" bev="0" fileid="13" />
              </SequencePoints>
              <BranchPoints />
            </Method>
            <Method visited="true" cyclomaticComplexity="9" nPathComplexity="0" sequenceCoverage="55.26" branchCoverage="0" crapScore="16.25" isConstructor="false" isStatic="false" isGetter="false" isSetter="false">
              <Summary numSequencePoints="38" visitedSequencePoints="21" numBranchPoints="0" visitedBranchPoints="0" sequenceCoverage="55.26" branchCoverage="0" maxCyclomaticComplexity="9" minCyclomaticComplexity="9" maxCrapScore="16.25" minCrapScore="16.25" visitedClasses="0" numClasses="0" visitedMethods="1" numMethods="1" />
              <MetadataToken>100663324</MetadataToken>
              <Name>System.Boolean CorrectionChecker::CheckTwo(System.String)</Name>
              <FileRef uid="13" />
              <SequencePoints>
                <SequencePoint vc="3" uspid="653" ordinal="0" offset="0" sl="41" sc="39" el="41" ec="39" bec="0" bev="0" fileid="13" />
                <SequencePoint vc="3" uspid="654" ordinal="0" offset="1" sl="42" sc="9" el="42" ec="9" bec="0" bev="0" fileid="13" />
                <SequencePoint vc="3" uspid="655" ordinal="0" offset="12" sl="44" sc="9" el="44" ec="9" bec="0" bev="0" fileid="13" />
                <SequencePoint vc="1" uspid="656" ordinal="0" offset="27" sl="44" sc="52" el="44" ec="52" bec="0" bev="0" fileid="13" />
                <SequencePoint vc="1" uspid="657" ordinal="0" offset="28" sl="44" sc="54" el="44" ec="54" bec="0" bev="0" fileid="13" />
                <SequencePoint vc="2" uspid="658" ordinal="0" offset="35" sl="45" sc="9" el="45" ec="9" bec="0" bev="0" fileid="13" />
                <SequencePoint vc="0" uspid="659" ordinal="0" offset="52" sl="45" sc="52" el="45" ec="52" bec="0" bev="0" fileid="13" />
                <SequencePoint vc="0" uspid="660" ordinal="0" offset="53" sl="45" sc="54" el="45" ec="54" bec="0" bev="0" fileid="13" />
                <SequencePoint vc="2" uspid="661" ordinal="0" offset="60" sl="46" sc="9" el="46" ec="9" bec="0" bev="0" fileid="13" />
                <SequencePoint vc="0" uspid="662" ordinal="0" offset="77" sl="46" sc="52" el="46" ec="52" bec="0" bev="0" fileid="13" />
                <SequencePoint vc="0" uspid="663" ordinal="0" offset="78" sl="46" sc="54" el="46" ec="54" bec="0" bev="0" fileid="13" />
                <SequencePoint vc="0" uspid="664" ordinal="0" offset="84" sl="46" sc="105" el="46" ec="105" bec="0" bev="0" fileid="13" />
                <SequencePoint vc="2" uspid="665" ordinal="0" offset="90" sl="47" sc="14" el="47" ec="14" bec="0" bev="0" fileid="13" />
                <SequencePoint vc="0" uspid="666" ordinal="0" offset="107" sl="47" sc="56" el="47" ec="56" bec="0" bev="0" fileid="13" />
                <SequencePoint vc="0" uspid="667" ordinal="0" offset="108" sl="47" sc="58" el="47" ec="58" bec="0" bev="0" fileid="13" />
                <SequencePoint vc="0" uspid="668" ordinal="0" offset="114" sl="47" sc="114" el="47" ec="114" bec="0" bev="0" fileid="13" />
                <SequencePoint vc="2" uspid="669" ordinal="0" offset="120" sl="48" sc="14" el="48" ec="14" bec="0" bev="0" fileid="13" />
                <SequencePoint vc="1" uspid="670" ordinal="0" offset="137" sl="48" sc="56" el="48" ec="56" bec="0" bev="0" fileid="13" />
                <SequencePoint vc="1" uspid="671" ordinal="0" offset="138" sl="48" sc="58" el="48" ec="58" bec="0" bev="0" fileid="13" />
                <SequencePoint vc="1" uspid="672" ordinal="0" offset="144" sl="48" sc="118" el="48" ec="118" bec="0" bev="0" fileid="13" />
                <SequencePoint vc="1" uspid="673" ordinal="0" offset="147" sl="49" sc="14" el="49" ec="14" bec="0" bev="0" fileid="13" />
                <SequencePoint vc="0" uspid="674" ordinal="0" offset="171" sl="49" sc="48" el="49" ec="48" bec="0" bev="0" fileid="13" />
                <SequencePoint vc="0" uspid="675" ordinal="0" offset="172" sl="49" sc="50" el="49" ec="50" bec="0" bev="0" fileid="13" />
                <SequencePoint vc="0" uspid="676" ordinal="0" offset="178" sl="49" sc="113" el="49" ec="113" bec="0" bev="0" fileid="13" />
                <SequencePoint vc="1" uspid="677" ordinal="0" offset="181" sl="50" sc="14" el="50" ec="14" bec="0" bev="0" fileid="13" />
                <SequencePoint vc="0" uspid="678" ordinal="0" offset="198" sl="50" sc="57" el="50" ec="57" bec="0" bev="0" fileid="13" />
                <SequencePoint vc="0" uspid="679" ordinal="0" offset="199" sl="50" sc="59" el="50" ec="59" bec="0" bev="0" fileid="13" />
                <SequencePoint vc="0" uspid="680" ordinal="0" offset="205" sl="50" sc="121" el="50" ec="121" bec="0" bev="0" fileid="13" />
                <SequencePoint vc="1" uspid="681" ordinal="0" offset="208" sl="51" sc="14" el="51" ec="14" bec="0" bev="0" fileid="13" />
                <SequencePoint vc="0" uspid="682" ordinal="0" offset="230" sl="51" sc="47" el="51" ec="47" bec="0" bev="0" fileid="13" />
                <SequencePoint vc="0" uspid="683" ordinal="0" offset="231" sl="51" sc="49" el="51" ec="49" bec="0" bev="0" fileid="13" />
                <SequencePoint vc="0" uspid="684" ordinal="0" offset="237" sl="51" sc="117" el="51" ec="117" bec="0" bev="0" fileid="13" />
                <SequencePoint vc="1" uspid="685" ordinal="0" offset="240" sl="52" sc="14" el="52" ec="14" bec="0" bev="0" fileid="13" />
                <SequencePoint vc="1" uspid="686" ordinal="0" offset="241" sl="52" sc="16" el="52" ec="16" bec="0" bev="0" fileid="13" />
                <SequencePoint vc="1" uspid="687" ordinal="0" offset="247" sl="53" sc="61" el="53" ec="61" bec="0" bev="0" fileid="13" />
                <SequencePoint vc="2" uspid="688" ordinal="0" offset="248" sl="54" sc="9" el="54" ec="9" bec="0" bev="0" fileid="13" />
                <SequencePoint vc="2" uspid="689" ordinal="0" offset="273" sl="55" sc="9" el="55" ec="9" bec="0" bev="0" fileid="13" />
                <SequencePoint vc="3" uspid="690" ordinal="0" offset="277" sl="56" sc="5" el="56" ec="5" bec="0" bev="0" fileid="13" />
              </SequencePoints>
              <BranchPoints />
            </Method>
            <Method visited="true" cyclomaticComplexity="4" nPathComplexity="0" sequenceCoverage="84.21" branchCoverage="0" crapScore="4.06" isConstructor="false" isStatic="false" isGetter="false" isSetter="false">
              <Summary numSequencePoints="19" visitedSequencePoints="16" numBranchPoints="0" visitedBranchPoints="0" sequenceCoverage="84.21" branchCoverage="0" maxCyclomaticComplexity="4" minCyclomaticComplexity="4" maxCrapScore="4.06" minCrapScore="4.06" visitedClasses="0" numClasses="0" visitedMethods="1" numMethods="1" />
              <MetadataToken>100663325</MetadataToken>
              <Name>System.Boolean CorrectionChecker::CheckThree(System.String)</Name>
              <FileRef uid="13" />
              <SequencePoints>
                <SequencePoint vc="3" uspid="691" ordinal="0" offset="0" sl="59" sc="41" el="59" ec="41" bec="0" bev="0" fileid="13" />
                <SequencePoint vc="3" uspid="692" ordinal="0" offset="1" sl="60" sc="9" el="60" ec="9" bec="0" bev="0" fileid="13" />
                <SequencePoint vc="3" uspid="693" ordinal="0" offset="12" sl="62" sc="9" el="62" ec="9" bec="0" bev="0" fileid="13" />
                <SequencePoint vc="1" uspid="694" ordinal="0" offset="27" sl="62" sc="39" el="62" ec="39" bec="0" bev="0" fileid="13" />
                <SequencePoint vc="1" uspid="695" ordinal="0" offset="28" sl="62" sc="41" el="62" ec="41" bec="0" bev="0" fileid="13" />
                <SequencePoint vc="2" uspid="696" ordinal="0" offset="32" sl="63" sc="9" el="63" ec="9" bec="0" bev="0" fileid="13" />
                <SequencePoint vc="0" uspid="697" ordinal="0" offset="49" sl="63" sc="27" el="63" ec="27" bec="0" bev="0" fileid="13" />
                <SequencePoint vc="0" uspid="698" ordinal="0" offset="50" sl="63" sc="29" el="63" ec="29" bec="0" bev="0" fileid="13" />
                <SequencePoint vc="0" uspid="699" ordinal="0" offset="56" sl="63" sc="97" el="63" ec="97" bec="0" bev="0" fileid="13" />
                <SequencePoint vc="2" uspid="700" ordinal="0" offset="59" sl="64" sc="14" el="64" ec="14" bec="0" bev="0" fileid="13" />
                <SequencePoint vc="1" uspid="701" ordinal="0" offset="76" sl="64" sc="43" el="64" ec="43" bec="0" bev="0" fileid="13" />
                <SequencePoint vc="1" uspid="702" ordinal="0" offset="77" sl="64" sc="45" el="64" ec="45" bec="0" bev="0" fileid="13" />
                <SequencePoint vc="1" uspid="703" ordinal="0" offset="83" sl="64" sc="136" el="64" ec="136" bec="0" bev="0" fileid="13" />
                <SequencePoint vc="1" uspid="704" ordinal="0" offset="86" sl="65" sc="14" el="65" ec="14" bec="0" bev="0" fileid="13" />
                <SequencePoint vc="1" uspid="705" ordinal="0" offset="87" sl="65" sc="16" el="65" ec="16" bec="0" bev="0" fileid="13" />
                <SequencePoint vc="1" uspid="706" ordinal="0" offset="93" sl="66" sc="87" el="66" ec="87" bec="0" bev="0" fileid="13" />
                <SequencePoint vc="2" uspid="707" ordinal="0" offset="94" sl="67" sc="9" el="67" ec="9" bec="0" bev="0" fileid="13" />
                <SequencePoint vc="2" uspid="708" ordinal="0" offset="119" sl="68" sc="9" el="68" ec="9" bec="0" bev="0" fileid="13" />
                <SequencePoint vc="3" uspid="709" ordinal="0" offset="123" sl="69" sc="5" el="69" ec="5" bec="0" bev="0" fileid="13" />
              </SequencePoints>
              <BranchPoints />
            </Method>
            <Method visited="true" cyclomaticComplexity="3" nPathComplexity="0" sequenceCoverage="100.0" branchCoverage="0" crapScore="3" isConstructor="false" isStatic="false" isGetter="false" isSetter="false">
              <Summary numSequencePoints="15" visitedSequencePoints="15" numBranchPoints="0" visitedBranchPoints="0" sequenceCoverage="100.0" branchCoverage="0" maxCyclomaticComplexity="3" minCyclomaticComplexity="3" maxCrapScore="3" minCrapScore="3" visitedClasses="0" numClasses="0" visitedMethods="1" numMethods="1" />
              <MetadataToken>100663326</MetadataToken>
              <Name>System.Boolean CorrectionChecker::CheckFive(System.String)</Name>
              <FileRef uid="13" />
              <SequencePoints>
                <SequencePoint vc="3" uspid="710" ordinal="0" offset="0" sl="72" sc="40" el="72" ec="40" bec="0" bev="0" fileid="13" />
                <SequencePoint vc="3" uspid="711" ordinal="0" offset="1" sl="73" sc="9" el="73" ec="9" bec="0" bev="0" fileid="13" />
                <SequencePoint vc="3" uspid="712" ordinal="0" offset="12" sl="75" sc="9" el="75" ec="9" bec="0" bev="0" fileid="13" />
                <SequencePoint vc="1" uspid="713" ordinal="0" offset="27" sl="75" sc="26" el="75" ec="26" bec="0" bev="0" fileid="13" />
                <SequencePoint vc="1" uspid="714" ordinal="0" offset="28" sl="75" sc="28" el="75" ec="28" bec="0" bev="0" fileid="13" />
                <SequencePoint vc="2" uspid="715" ordinal="0" offset="32" sl="76" sc="9" el="76" ec="9" bec="0" bev="0" fileid="13" />
                <SequencePoint vc="1" uspid="716" ordinal="0" offset="49" sl="76" sc="28" el="76" ec="28" bec="0" bev="0" fileid="13" />
                <SequencePoint vc="1" uspid="717" ordinal="0" offset="50" sl="76" sc="30" el="76" ec="30" bec="0" bev="0" fileid="13" />
                <SequencePoint vc="1" uspid="718" ordinal="0" offset="56" sl="76" sc="116" el="76" ec="116" bec="0" bev="0" fileid="13" />
                <SequencePoint vc="1" uspid="719" ordinal="0" offset="59" sl="77" sc="14" el="77" ec="14" bec="0" bev="0" fileid="13" />
                <SequencePoint vc="1" uspid="720" ordinal="0" offset="60" sl="77" sc="16" el="77" ec="16" bec="0" bev="0" fileid="13" />
                <SequencePoint vc="1" uspid="721" ordinal="0" offset="66" sl="77" sc="139" el="77" ec="139" bec="0" bev="0" fileid="13" />
                <SequencePoint vc="2" uspid="722" ordinal="0" offset="67" sl="78" sc="9" el="78" ec="9" bec="0" bev="0" fileid="13" />
                <SequencePoint vc="2" uspid="723" ordinal="0" offset="92" sl="79" sc="9" el="79" ec="9" bec="0" bev="0" fileid="13" />
                <SequencePoint vc="3" uspid="724" ordinal="0" offset="96" sl="80" sc="5" el="80" ec="5" bec="0" bev="0" fileid="13" />
              </SequencePoints>
              <BranchPoints />
            </Method>
            <Method visited="true" cyclomaticComplexity="3" nPathComplexity="0" sequenceCoverage="100.0" branchCoverage="0" crapScore="3" isConstructor="false" isStatic="false" isGetter="false" isSetter="false">
              <Summary numSequencePoints="15" visitedSequencePoints="15" numBranchPoints="0" visitedBranchPoints="0" sequenceCoverage="100.0" branchCoverage="0" maxCyclomaticComplexity="3" minCyclomaticComplexity="3" maxCrapScore="3" minCrapScore="3" visitedClasses="0" numClasses="0" visitedMethods="1" numMethods="1" />
              <MetadataToken>100663327</MetadataToken>
              <Name>System.Boolean CorrectionChecker::CheckSix(System.String)</Name>
              <FileRef uid="13" />
              <SequencePoints>
                <SequencePoint vc="3" uspid="725" ordinal="0" offset="0" sl="83" sc="39" el="83" ec="39" bec="0" bev="0" fileid="13" />
                <SequencePoint vc="3" uspid="726" ordinal="0" offset="1" sl="84" sc="9" el="84" ec="9" bec="0" bev="0" fileid="13" />
                <SequencePoint vc="3" uspid="727" ordinal="0" offset="12" sl="86" sc="9" el="86" ec="9" bec="0" bev="0" fileid="13" />
                <SequencePoint vc="1" uspid="728" ordinal="0" offset="27" sl="86" sc="30" el="86" ec="30" bec="0" bev="0" fileid="13" />
                <SequencePoint vc="1" uspid="729" ordinal="0" offset="28" sl="86" sc="32" el="86" ec="32" bec="0" bev="0" fileid="13" />
                <SequencePoint vc="2" uspid="730" ordinal="0" offset="32" sl="87" sc="9" el="87" ec="9" bec="0" bev="0" fileid="13" />
                <SequencePoint vc="1" uspid="731" ordinal="0" offset="49" sl="87" sc="29" el="87" ec="29" bec="0" bev="0" fileid="13" />
                <SequencePoint vc="1" uspid="732" ordinal="0" offset="50" sl="87" sc="31" el="87" ec="31" bec="0" bev="0" fileid="13" />
                <SequencePoint vc="1" uspid="733" ordinal="0" offset="56" sl="87" sc="93" el="87" ec="93" bec="0" bev="0" fileid="13" />
                <SequencePoint vc="1" uspid="734" ordinal="0" offset="59" sl="88" sc="14" el="88" ec="14" bec="0" bev="0" fileid="13" />
                <SequencePoint vc="1" uspid="735" ordinal="0" offset="60" sl="88" sc="16" el="88" ec="16" bec="0" bev="0" fileid="13" />
                <SequencePoint vc="1" uspid="736" ordinal="0" offset="66" sl="88" sc="111" el="88" ec="111" bec="0" bev="0" fileid="13" />
                <SequencePoint vc="2" uspid="737" ordinal="0" offset="67" sl="89" sc="9" el="89" ec="9" bec="0" bev="0" fileid="13" />
                <SequencePoint vc="2" uspid="738" ordinal="0" offset="92" sl="90" sc="9" el="90" ec="9" bec="0" bev="0" fileid="13" />
                <SequencePoint vc="3" uspid="739" ordinal="0" offset="96" sl="91" sc="5" el="91" ec="5" bec="0" bev="0" fileid="13" />
              </SequencePoints>
              <BranchPoints />
            </Method>
            <Method visited="false" cyclomaticComplexity="1" nPathComplexity="0" sequenceCoverage="0.0" branchCoverage="0" crapScore="2" isConstructor="false" isStatic="false" isGetter="false" isSetter="false">
              <Summary numSequencePoints="3" visitedSequencePoints="0" numBranchPoints="0" visitedBranchPoints="0" sequenceCoverage="0.0" branchCoverage="0" maxCyclomaticComplexity="1" minCyclomaticComplexity="1" maxCrapScore="2" minCrapScore="2" visitedClasses="0" numClasses="0" visitedMethods="0" numMethods="1" />
              <MetadataToken>100663328</MetadataToken>
              <Name>System.String CorrectionChecker::GetCorrectText()</Name>
              <FileRef uid="13" />
              <SequencePoints>
                <SequencePoint vc="0" uspid="740" ordinal="0" offset="0" sl="94" sc="0" el="94" ec="0" bec="0" bev="0" fileid="13" />
                <SequencePoint vc="0" uspid="741" ordinal="0" offset="1" sl="95" sc="0" el="95" ec="0" bec="0" bev="0" fileid="13" />
                <SequencePoint vc="0" uspid="742" ordinal="0" offset="10" sl="96" sc="0" el="96" ec="0" bec="0" bev="0" fileid="13" />
              </SequencePoints>
              <BranchPoints />
            </Method>
            <Method visited="true" cyclomaticComplexity="1" nPathComplexity="0" sequenceCoverage="100.0" branchCoverage="0" crapScore="1" isConstructor="true" isStatic="false" isGetter="false" isSetter="false">
              <Summary numSequencePoints="6" visitedSequencePoints="6" numBranchPoints="0" visitedBranchPoints="0" sequenceCoverage="100.0" branchCoverage="0" maxCyclomaticComplexity="1" minCyclomaticComplexity="1" maxCrapScore="1" minCrapScore="1" visitedClasses="0" numClasses="0" visitedMethods="1" numMethods="1" />
              <MetadataToken>100663322</MetadataToken>
              <Name>CorrectionChecker::CorrectionChecker(UnityEngine.GameObject, TMPro.TextMeshProUGUI, UnityEngine.AudioSource)</Name>
              <FileRef uid="13" />
              <SequencePoints>
                <SequencePoint vc="12" uspid="743" ordinal="0" offset="0" sl="18" sc="5" el="18" ec="5" bec="0" bev="0" fileid="13" />
                <SequencePoint vc="12" uspid="744" ordinal="0" offset="7" sl="18" sc="99" el="18" ec="99" bec="0" bev="0" fileid="13" />
                <SequencePoint vc="12" uspid="745" ordinal="0" offset="8" sl="19" sc="9" el="19" ec="9" bec="0" bev="0" fileid="13" />
                <SequencePoint vc="12" uspid="746" ordinal="0" offset="15" sl="20" sc="9" el="20" ec="9" bec="0" bev="0" fileid="13" />
                <SequencePoint vc="12" uspid="747" ordinal="0" offset="22" sl="21" sc="9" el="21" ec="9" bec="0" bev="0" fileid="13" />
                <SequencePoint vc="12" uspid="748" ordinal="0" offset="29" sl="22" sc="5" el="22" ec="5" bec="0" bev="0" fileid="13" />
              </SequencePoints>
              <BranchPoints />
            </Method>
          </Methods>
        </Class>
      </Classes>
    </Module>
  </Modules>
</CoverageSession>